#
# A fatal error has been detected by the Java Runtime Environment:
#
#  SIGSEGV (0xb) at pc=0x00007fff69301678, pid=12622, tid=0x0000000000001603
#
# JRE version: OpenJDK Runtime Environment (8.0_292-b10) (build 1.8.0_292-b10)
# Java VM: OpenJDK 64-Bit Server VM (25.292-b10 mixed mode bsd-amd64 compressed oops)
# Problematic frame:
# C  [libobjc.A.dylib+0x8678]  objc_release+0x18
#
# Failed to write core dump. Core dumps have been disabled. To enable core dumping, try "ulimit -c unlimited" before starting Java again
#
# If you would like to submit a bug report, please visit:
#   https://github.com/AdoptOpenJDK/openjdk-support/issues
# The crash happened outside the Java Virtual Machine in native code.
# See problematic frame for where to report the bug.
#

---------------  T H R E A D  ---------------

Current thread (0x00007f9ccd009000):  JavaThread "Client thread" [_thread_in_native, id=5635, stack(0x000070000fa1c000,0x000070000fb1c000)]

siginfo: si_signo: 11 (SIGSEGV), si_code: 1 (SEGV_MAPERR), si_addr: 0x0000000000000020

Registers:
RAX=0x0000000000000000, RBX=0x00007f9ccf829000, RCX=0x00007f9ccf829120, RDX=0x0000000000000007
RSP=0x000070000fb1a278, RBP=0x000070000fb1a2a0, RSI=0x00007f9cd473c120, RDI=0x00007f9cd474c0d0
R8 =0x00000000000130a8, R9 =0x0000000000000000, R10=0x00007f9cd4750bd0, R11=0x00007fff2d655eed
R12=0x00007f9ccda54c90, R13=0x0000000126f25ab8, R14=0x00007f9ccf8290b0, R15=0xa3a3a3a3a3a3a3a3
RIP=0x00007fff69301678, EFLAGS=0x0000000000010246, ERR=0x0000000000000004
  TRAPNO=0x000000000000000e

Top of Stack: (sp=0x000070000fb1a278)
0x000070000fb1a278:   00007fff6931d054 0000000000000000
0x000070000fb1a288:   00007f9ccf829000 00007fff74837dd3
0x000070000fb1a298:   00007f9ccd009250 000070000fb1a2c0
0x000070000fb1a2a8:   00007fff69301dba 0000000000000000
0x000070000fb1a2b8:   00007f9ccf8290b0 000070000fb1a2e0
0x000070000fb1a2c8:   00007fff303d9a85 0000000000000000
0x000070000fb1a2d8:   00007f9ccda54c90 000070000fb1a320
0x000070000fb1a2e8:   00007fff32a73ac1 0000000000000000
0x000070000fb1a2f8:   00007f9cd47652c0 00007f9cd473c120
0x000070000fb1a308:   d3ba09753608007a 00007f9ccd961990
0x000070000fb1a318:   00007f9cd473dc80 000070000fb1a350
0x000070000fb1a328:   0000000126591cce 0000000126f25ac0
0x000070000fb1a338:   0000000000000000 000070000fb1a3d8
0x000070000fb1a348:   00007f9ccd009000 000070000fb1a3b0
0x000070000fb1a358:   000000010c22f407 0000000783492e08
0x000070000fb1a368:   000000010c22f122 000070000fb1a370
0x000070000fb1a378:   0000000126f25ab8 000070000fb1a3d8
0x000070000fb1a388:   0000000126f26020 0000000000000000
0x000070000fb1a398:   0000000126f25ac0 0000000000000000
0x000070000fb1a3a8:   000070000fb1a3d0 000070000fb1a420
0x000070000fb1a3b8:   000000010c21effd 00000007835d6398
0x000070000fb1a3c8:   000000010c228a58 00000007835f2150
0x000070000fb1a3d8:   0000000783492e08 000070000fb1a3e0
0x000070000fb1a3e8:   0000000126f259bf 000070000fb1a450
0x000070000fb1a3f8:   0000000126f26020 0000000000000000
0x000070000fb1a408:   0000000126f25a30 000070000fb1a3d0
0x000070000fb1a418:   000070000fb1a440 000070000fb1a4a8
0x000070000fb1a428:   000000010c21f042 0000000000000000
0x000070000fb1a438:   0000000783492e08 00000007835f2150
0x000070000fb1a448:   0000000783492d50 00000007835d6428
0x000070000fb1a458:   000000010c22a9e7 00000007835d6438
0x000070000fb1a468:   000070000fb1a458 0000000126f233ae 

Instructions: (pc=0x00007fff69301678)
0x00007fff69301658:   90 90 e9 60 3e 00 00 90 48 85 ff 74 64 40 f6 c7
0x00007fff69301668:   01 75 5e 48 b8 f8 ff ff ff ff 7f 00 00 48 23 07
0x00007fff69301678:   f6 40 20 04 74 69 48 b9 00 00 00 00 00 00 00 01
0x00007fff69301688:   48 ba 00 00 00 00 00 00 40 00 48 8b 07 a8 01 74 

Register to memory mapping:

RAX=0x0000000000000000 is an unknown value
RBX=0x00007f9ccf829000 is an unknown value
RCX=0x00007f9ccf829120 is an unknown value
RDX=0x0000000000000007 is an unknown value
RSP=0x000070000fb1a278 is pointing into the stack for thread: 0x00007f9ccd009000
RBP=0x000070000fb1a2a0 is pointing into the stack for thread: 0x00007f9ccd009000
RSI=0x00007f9cd473c120 is an unknown value
RDI=0x00007f9cd474c0d0 is an unknown value
R8 =0x00000000000130a8 is an unknown value
R9 =0x0000000000000000 is an unknown value
R10=0x00007f9cd4750bd0 is an unknown value
R11=0x00007fff2d655eed: -[NSResponder release]+0 in /System/Library/Frameworks/AppKit.framework/Versions/C/AppKit at 0x00007fff2d64b000
R12=0x00007f9ccda54c90 is an unknown value
R13=0x0000000126f25ab8 is pointing into metadata
R14=0x00007f9ccf8290b0 is an unknown value
R15=0xa3a3a3a3a3a3a3a3 is an unknown value


Stack: [0x000070000fa1c000,0x000070000fb1c000],  sp=0x000070000fb1a278,  free space=1016k
Native frames: (J=compiled Java code, j=interpreted, Vv=VM code, C=native code)
C  [libobjc.A.dylib+0x8678]  objc_release+0x18
C  [libobjc.A.dylib+0x8dba]  objc_autoreleasePoolPop+0xaf
C  [CoreFoundation+0x41a85]  _CFAutoreleasePoolPop+0x16
C  [Foundation+0x1eac1]  -[NSAutoreleasePool release]+0x81
C  [liblwjgl.dylib+0x16cce]  Java_org_lwjgl_opengl_MacOSXContextImplementation_setView+0x10e
j  org.lwjgl.opengl.MacOSXContextImplementation.setView(Ljava/nio/ByteBuffer;Ljava/nio/ByteBuffer;)V+0
j  org.lwjgl.opengl.MacOSXContextImplementation.makeCurrent(Lorg/lwjgl/opengl/PeerInfo;Ljava/nio/ByteBuffer;)V+7
j  org.lwjgl.opengl.ContextGL.makeCurrent()V+46
j  org.lwjgl.opengl.DrawableGL.makeCurrent()V+14
j  org.lwjgl.opengl.Display.makeCurrent()V+3
j  org.lwjgl.opengl.Display.makeCurrentAndSetSwapInterval()V+0
j  org.lwjgl.opengl.Display.create(Lorg/lwjgl/opengl/PixelFormat;Lorg/lwjgl/opengl/Drawable;Lorg/lwjgl/opengl/ContextAttribs;)V+108
j  org.lwjgl.opengl.Display.create(Lorg/lwjgl/opengl/PixelFormat;)V+12
j  net.minecraft.client.Minecraft.createDisplay()V+22
j  net.minecraft.client.Minecraft.init()V+115
j  net.minecraft.client.Minecraft.run()V+6
j  net.minecraft.client.main.Main.main([Ljava/lang/String;)V+1094
v  ~StubRoutines::call_stub
V  [libjvm.dylib+0x2c8347]  JavaCalls::call_helper(JavaValue*, methodHandle*, JavaCallArguments*, Thread*)+0x691
V  [libjvm.dylib+0x4d426a]  Reflection::invoke(instanceKlassHandle, methodHandle, Handle, bool, objArrayHandle, BasicType, objArrayHandle, bool, Thread*)+0x752
V  [libjvm.dylib+0x4d4e22]  Reflection::invoke_method(oopDesc*, Handle, objArrayHandle, Thread*)+0x18a
V  [libjvm.dylib+0x342f42]  JVM_InvokeMethod+0x210
J 1742  sun.reflect.NativeMethodAccessorImpl.invoke0(Ljava/lang/reflect/Method;Ljava/lang/Object;[Ljava/lang/Object;)Ljava/lang/Object; (0 bytes) @ 0x000000010c81d8ed [0x000000010c81d800+0xed]
J 1741 C1 sun.reflect.NativeMethodAccessorImpl.invoke(Ljava/lang/Object;[Ljava/lang/Object;)Ljava/lang/Object; (104 bytes) @ 0x000000010c81ee9c [0x000000010c81dcc0+0x11dc]
j  sun.reflect.DelegatingMethodAccessorImpl.invoke(Ljava/lang/Object;[Ljava/lang/Object;)Ljava/lang/Object;+6
J 1693 C1 java.lang.reflect.Method.invoke(Ljava/lang/Object;[Ljava/lang/Object;)Ljava/lang/Object; (62 bytes) @ 0x000000010c7f3f1c [0x000000010c7f3b20+0x3fc]
j  net.minecraft.launchwrapper.Launch.launch([Ljava/lang/String;)V+661
j  net.minecraft.launchwrapper.Launch.main([Ljava/lang/String;)V+8
v  ~StubRoutines::call_stub
V  [libjvm.dylib+0x2c8347]  JavaCalls::call_helper(JavaValue*, methodHandle*, JavaCallArguments*, Thread*)+0x691
V  [libjvm.dylib+0x4d426a]  Reflection::invoke(instanceKlassHandle, methodHandle, Handle, bool, objArrayHandle, BasicType, objArrayHandle, bool, Thread*)+0x752
V  [libjvm.dylib+0x4d4e22]  Reflection::invoke_method(oopDesc*, Handle, objArrayHandle, Thread*)+0x18a
V  [libjvm.dylib+0x342f42]  JVM_InvokeMethod+0x210
j  sun.reflect.NativeMethodAccessorImpl.invoke0(Ljava/lang/reflect/Method;Ljava/lang/Object;[Ljava/lang/Object;)Ljava/lang/Object;+0
j  sun.reflect.NativeMethodAccessorImpl.invoke(Ljava/lang/Object;[Ljava/lang/Object;)Ljava/lang/Object;+100
j  sun.reflect.DelegatingMethodAccessorImpl.invoke(Ljava/lang/Object;[Ljava/lang/Object;)Ljava/lang/Object;+6
j  java.lang.reflect.Method.invoke(Ljava/lang/Object;[Ljava/lang/Object;)Ljava/lang/Object;+56
j  net.minecraftforge.legacydev.Main.start([Ljava/lang/String;)V+301
j  net.minecraftforge.legacydev.MainClient.main([Ljava/lang/String;)V+8
v  ~StubRoutines::call_stub
V  [libjvm.dylib+0x2c8347]  JavaCalls::call_helper(JavaValue*, methodHandle*, JavaCallArguments*, Thread*)+0x691
V  [libjvm.dylib+0x302dbb]  jni_invoke_static(JNIEnv_*, JavaValue*, _jobject*, JNICallType, _jmethodID*, JNI_ArgumentPusher*, Thread*)+0x248
V  [libjvm.dylib+0x30643a]  jni_CallStaticVoidMethod+0x1f7
C  [java+0x2d92]  JavaMain+0x9df
C  [libsystem_pthread.dylib+0x6109]  _pthread_start+0x94
C  [libsystem_pthread.dylib+0x1b8b]  thread_start+0xf
C  0x0000000000000000

Java frames: (J=compiled Java code, j=interpreted, Vv=VM code)
j  org.lwjgl.opengl.MacOSXContextImplementation.setView(Ljava/nio/ByteBuffer;Ljava/nio/ByteBuffer;)V+0
j  org.lwjgl.opengl.MacOSXContextImplementation.makeCurrent(Lorg/lwjgl/opengl/PeerInfo;Ljava/nio/ByteBuffer;)V+7
j  org.lwjgl.opengl.ContextGL.makeCurrent()V+46
j  org.lwjgl.opengl.DrawableGL.makeCurrent()V+14
j  org.lwjgl.opengl.Display.makeCurrent()V+3
j  org.lwjgl.opengl.Display.makeCurrentAndSetSwapInterval()V+0
j  org.lwjgl.opengl.Display.create(Lorg/lwjgl/opengl/PixelFormat;Lorg/lwjgl/opengl/Drawable;Lorg/lwjgl/opengl/ContextAttribs;)V+108
j  org.lwjgl.opengl.Display.create(Lorg/lwjgl/opengl/PixelFormat;)V+12
j  net.minecraft.client.Minecraft.createDisplay()V+22
j  net.minecraft.client.Minecraft.init()V+115
j  net.minecraft.client.Minecraft.run()V+6
j  net.minecraft.client.main.Main.main([Ljava/lang/String;)V+1094
v  ~StubRoutines::call_stub
J 1742  sun.reflect.NativeMethodAccessorImpl.invoke0(Ljava/lang/reflect/Method;Ljava/lang/Object;[Ljava/lang/Object;)Ljava/lang/Object; (0 bytes) @ 0x000000010c81d877 [0x000000010c81d800+0x77]
J 1741 C1 sun.reflect.NativeMethodAccessorImpl.invoke(Ljava/lang/Object;[Ljava/lang/Object;)Ljava/lang/Object; (104 bytes) @ 0x000000010c81ee9c [0x000000010c81dcc0+0x11dc]
j  sun.reflect.DelegatingMethodAccessorImpl.invoke(Ljava/lang/Object;[Ljava/lang/Object;)Ljava/lang/Object;+6
J 1693 C1 java.lang.reflect.Method.invoke(Ljava/lang/Object;[Ljava/lang/Object;)Ljava/lang/Object; (62 bytes) @ 0x000000010c7f3f1c [0x000000010c7f3b20+0x3fc]
j  net.minecraft.launchwrapper.Launch.launch([Ljava/lang/String;)V+661
j  net.minecraft.launchwrapper.Launch.main([Ljava/lang/String;)V+8
v  ~StubRoutines::call_stub
j  sun.reflect.NativeMethodAccessorImpl.invoke0(Ljava/lang/reflect/Method;Ljava/lang/Object;[Ljava/lang/Object;)Ljava/lang/Object;+0
j  sun.reflect.NativeMethodAccessorImpl.invoke(Ljava/lang/Object;[Ljava/lang/Object;)Ljava/lang/Object;+100
j  sun.reflect.DelegatingMethodAccessorImpl.invoke(Ljava/lang/Object;[Ljava/lang/Object;)Ljava/lang/Object;+6
j  java.lang.reflect.Method.invoke(Ljava/lang/Object;[Ljava/lang/Object;)Ljava/lang/Object;+56
j  net.minecraftforge.legacydev.Main.start([Ljava/lang/String;)V+301
j  net.minecraftforge.legacydev.MainClient.main([Ljava/lang/String;)V+8
v  ~StubRoutines::call_stub

---------------  P R O C E S S  ---------------

Java Threads: ( => current thread )
  0x00007f9cd05cd000 JavaThread "Timer hack thread" daemon [_thread_blocked, id=30215, stack(0x0000700010640000,0x0000700010740000)]
  0x00007f9cd0aac000 JavaThread "AWT-Shutdown" [_thread_blocked, id=28703, stack(0x000070001110f000,0x000070001120f000)]
  0x00007f9cd346c800 JavaThread "Snooper Timer" daemon [_thread_blocked, id=75535, stack(0x00007000114a1000,0x00007000115a1000)]
  0x00007f9cd53e5800 JavaThread "AppKit Thread" daemon [_thread_in_native, id=775, stack(0x00007ffee9ccd000,0x00007ffeea4cd000)]
  0x00007f9ccfd20000 JavaThread "process reaper" daemon [_thread_blocked, id=22791, stack(0x0000700011061000,0x0000700011089000)]
  0x00007f9cd0a79800 JavaThread "Attach Listener" daemon [_thread_blocked, id=43011, stack(0x0000700010f5e000,0x000070001105e000)]
  0x00007f9ccf09c000 JavaThread "Service Thread" daemon [_thread_blocked, id=22019, stack(0x0000700010d58000,0x0000700010e58000)]
  0x00007f9cd08ca800 JavaThread "C1 CompilerThread3" daemon [_thread_blocked, id=14595, stack(0x0000700010c55000,0x0000700010d55000)]
  0x00007f9ccf070800 JavaThread "C2 CompilerThread2" daemon [_thread_blocked, id=15107, stack(0x0000700010b52000,0x0000700010c52000)]
  0x00007f9cd08c9800 JavaThread "C2 CompilerThread1" daemon [_thread_blocked, id=14339, stack(0x0000700010a4f000,0x0000700010b4f000)]
  0x00007f9cce83a000 JavaThread "C2 CompilerThread0" daemon [_thread_blocked, id=14083, stack(0x000070001094c000,0x0000700010a4c000)]
  0x00007f9cce836800 JavaThread "Monitor Ctrl-Break" daemon [_thread_in_native, id=16131, stack(0x0000700010849000,0x0000700010949000)]
  0x00007f9cce819000 JavaThread "Signal Dispatcher" daemon [_thread_blocked, id=16387, stack(0x0000700010746000,0x0000700010846000)]
  0x00007f9ccf017800 JavaThread "Finalizer" daemon [_thread_blocked, id=19203, stack(0x000070001053d000,0x000070001063d000)]
  0x00007f9cce812800 JavaThread "Reference Handler" daemon [_thread_blocked, id=12291, stack(0x000070001043a000,0x000070001053a000)]
=>0x00007f9ccd009000 JavaThread "Client thread" [_thread_in_native, id=5635, stack(0x000070000fa1c000,0x000070000fb1c000)]

Other Threads:
  0x00007f9cd0812800 VMThread [stack: 0x0000700010337000,0x0000700010437000] [id=19715]
  0x00007f9ccf09c800 WatcherThread [stack: 0x0000700010e5b000,0x0000700010f5b000] [id=22275]

VM state:not at safepoint (normal execution)

VM Mutex/Monitor currently owned by a thread: None

heap address: 0x00000006c0000000, size: 4096 MB, Compressed Oops mode: Zero based, Oop shift amount: 3
Narrow klass base: 0x0000000000000000, Narrow klass shift: 3
Compressed class space size: 1073741824 Address: 0x00000007c0000000

Heap:
 PSYoungGen      total 466432K, used 445340K [0x000000076ab00000, 0x000000078a580000, 0x00000007c0000000)
  eden space 429056K, 95% used [0x000000076ab00000,0x0000000783b31408,0x0000000784e00000)
  from space 37376K, 95% used [0x0000000787700000,0x00000007899b5f58,0x0000000789b80000)
  to   space 41984K, 0% used [0x0000000784e00000,0x0000000784e00000,0x0000000787700000)
 ParOldGen       total 154112K, used 39907K [0x00000006c0000000, 0x00000006c9680000, 0x000000076ab00000)
  object space 154112K, 25% used [0x00000006c0000000,0x00000006c26f8e48,0x00000006c9680000)
 Metaspace       used 33797K, capacity 34216K, committed 34688K, reserved 1079296K
  class space    used 4565K, capacity 4717K, committed 4736K, reserved 1048576K

Card table byte_map: [0x0000000107a2b000,0x000000010822c000] byte_map_base: 0x000000010442b000

Marking Bits: (ParMarkBitMap*) 0x0000000106f10e68
 Begin Bits: [0x000000011b217000, 0x000000011f217000)
 End Bits:   [0x000000011f217000, 0x0000000123217000)

Polling page: 0x00000001057b7000

CodeCache: size=245760Kb used=13560Kb max_used=13629Kb free=232199Kb
 bounds [0x000000010c217000, 0x000000010cf77000, 0x000000011b217000]
 total_blobs=4067 nmethods=3519 adapters=461
 compilation: enabled

Compilation events (10 events):
Event: 12.751 Thread 0x00007f9cd08c9800 3917 %     4       sun.nio.cs.UTF_8$Encoder::encodeArrayLoop @ 73 (489 bytes)
Event: 12.764 Thread 0x00007f9cd08c9800 nmethod 3917% 0x000000010c365bd0 code [0x000000010c365d60, 0x000000010c366458]
Event: 12.767 Thread 0x00007f9cd08ca800 3919       3       java.lang.reflect.Field::getFieldAccessor (35 bytes)
Event: 12.767 Thread 0x00007f9cd08ca800 nmethod 3919 0x000000010c44f0d0 code [0x000000010c44f240, 0x000000010c44f488]
Event: 12.767 Thread 0x00007f9cd08ca800 3918       3       java.lang.reflect.Modifier::isFinal (13 bytes)
Event: 12.767 Thread 0x00007f9cd08ca800 nmethod 3918 0x000000010c505b10 code [0x000000010c505c80, 0x000000010c505e10]
Event: 12.768 Thread 0x00007f9cd08ca800 3920       3       java.lang.reflect.Field::setFieldAccessor (34 bytes)
Event: 12.768 Thread 0x00007f9cd08ca800 nmethod 3920 0x000000010c403390 code [0x000000010c403520, 0x000000010c4038a8]
Event: 12.777 Thread 0x00007f9ccf070800 3922       4       sun.nio.cs.UTF_8$Encoder::encodeArrayLoop (489 bytes)
Event: 12.785 Thread 0x00007f9ccf070800 nmethod 3922 0x000000010c455a10 code [0x000000010c455b80, 0x000000010c456078]

GC Heap History (10 events):
Event: 5.774 GC heap before
{Heap before GC invocations=5 (full 0):
 PSYoungGen      total 141824K, used 141820K [0x000000076ab00000, 0x0000000774000000, 0x00000007c0000000)
  eden space 131072K, 100% used [0x000000076ab00000,0x0000000772b00000,0x0000000772b00000)
  from space 10752K, 99% used [0x0000000773580000,0x0000000773fff128,0x0000000774000000)
  to   space 10752K, 0% used [0x0000000772b00000,0x0000000772b00000,0x0000000773580000)
 ParOldGen       total 175104K, used 31487K [0x00000006c0000000, 0x00000006cab00000, 0x000000076ab00000)
  object space 175104K, 17% used [0x00000006c0000000,0x00000006c1ebff28,0x00000006cab00000)
 Metaspace       used 18894K, capacity 19246K, committed 19328K, reserved 1067008K
  class space    used 2312K, capacity 2400K, committed 2432K, reserved 1048576K
Event: 5.808 GC heap after
Heap after GC invocations=5 (full 0):
 PSYoungGen      total 141824K, used 10741K [0x000000076ab00000, 0x000000077fa00000, 0x00000007c0000000)
  eden space 131072K, 0% used [0x000000076ab00000,0x000000076ab00000,0x0000000772b00000)
  from space 10752K, 99% used [0x0000000772b00000,0x000000077357d4d0,0x0000000773580000)
  to   space 40448K, 0% used [0x000000077d280000,0x000000077d280000,0x000000077fa00000)
 ParOldGen       total 175104K, used 54376K [0x00000006c0000000, 0x00000006cab00000, 0x000000076ab00000)
  object space 175104K, 31% used [0x00000006c0000000,0x00000006c351a108,0x00000006cab00000)
 Metaspace       used 18894K, capacity 19246K, committed 19328K, reserved 1067008K
  class space    used 2312K, capacity 2400K, committed 2432K, reserved 1048576K
}
Event: 6.525 GC heap before
{Heap before GC invocations=6 (full 0):
 PSYoungGen      total 141824K, used 103710K [0x000000076ab00000, 0x000000077fa00000, 0x00000007c0000000)
  eden space 131072K, 70% used [0x000000076ab00000,0x00000007705ca690,0x0000000772b00000)
  from space 10752K, 99% used [0x0000000772b00000,0x000000077357d4d0,0x0000000773580000)
  to   space 40448K, 0% used [0x000000077d280000,0x000000077d280000,0x000000077fa00000)
 ParOldGen       total 175104K, used 54376K [0x00000006c0000000, 0x00000006cab00000, 0x000000076ab00000)
  object space 175104K, 31% used [0x00000006c0000000,0x00000006c351a108,0x00000006cab00000)
 Metaspace       used 20796K, capacity 21146K, committed 21296K, reserved 1069056K
  class space    used 2495K, capacity 2624K, committed 2688K, reserved 1048576K
Event: 6.536 GC heap after
Heap after GC invocations=6 (full 0):
 PSYoungGen      total 299520K, used 14875K [0x000000076ab00000, 0x000000077f700000, 0x00000007c0000000)
  eden space 262144K, 0% used [0x000000076ab00000,0x000000076ab00000,0x000000077ab00000)
  from space 37376K, 39% used [0x000000077d280000,0x000000077e106de0,0x000000077f700000)
  to   space 38912K, 0% used [0x000000077ab00000,0x000000077ab00000,0x000000077d100000)
 ParOldGen       total 175104K, used 54384K [0x00000006c0000000, 0x00000006cab00000, 0x000000076ab00000)
  object space 175104K, 31% used [0x00000006c0000000,0x00000006c351c108,0x00000006cab00000)
 Metaspace       used 20796K, capacity 21146K, committed 21296K, reserved 1069056K
  class space    used 2495K, capacity 2624K, committed 2688K, reserved 1048576K
}
Event: 6.536 GC heap before
{Heap before GC invocations=7 (full 1):
 PSYoungGen      total 299520K, used 14875K [0x000000076ab00000, 0x000000077f700000, 0x00000007c0000000)
  eden space 262144K, 0% used [0x000000076ab00000,0x000000076ab00000,0x000000077ab00000)
  from space 37376K, 39% used [0x000000077d280000,0x000000077e106de0,0x000000077f700000)
  to   space 38912K, 0% used [0x000000077ab00000,0x000000077ab00000,0x000000077d100000)
 ParOldGen       total 175104K, used 54384K [0x00000006c0000000, 0x00000006cab00000, 0x000000076ab00000)
  object space 175104K, 31% used [0x00000006c0000000,0x00000006c351c108,0x00000006cab00000)
 Metaspace       used 20796K, capacity 21146K, committed 21296K, reserved 1069056K
  class space    used 2495K, capacity 2624K, committed 2688K, reserved 1048576K
Event: 6.592 GC heap after
Heap after GC invocations=7 (full 1):
 PSYoungGen      total 299520K, used 0K [0x000000076ab00000, 0x000000077f700000, 0x00000007c0000000)
  eden space 262144K, 0% used [0x000000076ab00000,0x000000076ab00000,0x000000077ab00000)
  from space 37376K, 0% used [0x000000077d280000,0x000000077d280000,0x000000077f700000)
  to   space 38912K, 0% used [0x000000077ab00000,0x000000077ab00000,0x000000077d100000)
 ParOldGen       total 154112K, used 39891K [0x00000006c0000000, 0x00000006c9680000, 0x000000076ab00000)
  object space 154112K, 25% used [0x00000006c0000000,0x00000006c26f4e48,0x00000006c9680000)
 Metaspace       used 20796K, capacity 21146K, committed 21296K, reserved 1069056K
  class space    used 2495K, capacity 2624K, committed 2688K, reserved 1048576K
}
Event: 9.090 GC heap before
{Heap before GC invocations=8 (full 1):
 PSYoungGen      total 299520K, used 262144K [0x000000076ab00000, 0x000000077f700000, 0x00000007c0000000)
  eden space 262144K, 100% used [0x000000076ab00000,0x000000077ab00000,0x000000077ab00000)
  from space 37376K, 0% used [0x000000077d280000,0x000000077d280000,0x000000077f700000)
  to   space 38912K, 0% used [0x000000077ab00000,0x000000077ab00000,0x000000077d100000)
 ParOldGen       total 154112K, used 39891K [0x00000006c0000000, 0x00000006c9680000, 0x000000076ab00000)
  object space 154112K, 25% used [0x00000006c0000000,0x00000006c26f4e48,0x00000006c9680000)
 Metaspace       used 25929K, capacity 26398K, committed 26624K, reserved 1073152K
  class space    used 3187K, capacity 3306K, committed 3328K, reserved 1048576K
Event: 9.106 GC heap after
Heap after GC invocations=8 (full 1):
 PSYoungGen      total 301056K, used 22673K [0x000000076ab00000, 0x0000000789b80000, 0x00000007c0000000)
  eden space 262144K, 0% used [0x000000076ab00000,0x000000076ab00000,0x000000077ab00000)
  from space 38912K, 58% used [0x000000077ab00000,0x000000077c1244c0,0x000000077d100000)
  to   space 37376K, 0% used [0x0000000787700000,0x0000000787700000,0x0000000789b80000)
 ParOldGen       total 154112K, used 39899K [0x00000006c0000000, 0x00000006c9680000, 0x000000076ab00000)
  object space 154112K, 25% used [0x00000006c0000000,0x00000006c26f6e48,0x00000006c9680000)
 Metaspace       used 25929K, capacity 26398K, committed 26624K, reserved 1073152K
  class space    used 3187K, capacity 3306K, committed 3328K, reserved 1048576K
}
Event: 10.372 GC heap before
{Heap before GC invocations=9 (full 1):
 PSYoungGen      total 301056K, used 284817K [0x000000076ab00000, 0x0000000789b80000, 0x00000007c0000000)
  eden space 262144K, 100% used [0x000000076ab00000,0x000000077ab00000,0x000000077ab00000)
  from space 38912K, 58% used [0x000000077ab00000,0x000000077c1244c0,0x000000077d100000)
  to   space 37376K, 0% used [0x0000000787700000,0x0000000787700000,0x0000000789b80000)
 ParOldGen       total 154112K, used 39899K [0x00000006c0000000, 0x00000006c9680000, 0x000000076ab00000)
  object space 154112K, 25% used [0x00000006c0000000,0x00000006c26f6e48,0x00000006c9680000)
 Metaspace       used 28353K, capacity 28810K, committed 29312K, reserved 1075200K
  class space    used 3707K, capacity 3852K, committed 3968K, reserved 1048576K
Event: 10.395 GC heap after
Heap after GC invocations=9 (full 1):
 PSYoungGen      total 466432K, used 35543K [0x000000076ab00000, 0x000000078a580000, 0x00000007c0000000)
  eden space 429056K, 0% used [0x000000076ab00000,0x000000076ab00000,0x0000000784e00000)
  from space 37376K, 95% used [0x0000000787700000,0x00000007899b5f58,0x0000000789b80000)
  to   space 41984K, 0% used [0x0000000784e00000,0x0000000784e00000,0x0000000787700000)
 ParOldGen       total 154112K, used 39907K [0x00000006c0000000, 0x00000006c9680000, 0x000000076ab00000)
  object space 154112K, 25% used [0x00000006c0000000,0x00000006c26f8e48,0x00000006c9680000)
 Metaspace       used 28353K, capacity 28810K, committed 29312K, reserved 1075200K
  class space    used 3707K, capacity 3852K, committed 3968K, reserved 1048576K
}

Deoptimization events (10 events):
Event: 12.179 Thread 0x00007f9ccd009000 Uncommon trap: reason=unstable_if action=reinterpret pc=0x000000010c8254c4 method=java.util.regex.Pattern$BmpCharProperty.match(Ljava/util/regex/Matcher;ILjava/lang/CharSequence;)Z @ 34
Event: 12.179 Thread 0x00007f9ccd009000 Uncommon trap: reason=bimorphic action=maybe_recompile pc=0x000000010cdf7328 method=java.util.regex.Pattern$5.isSatisfiedBy(I)Z @ 5
Event: 12.179 Thread 0x00007f9ccd009000 Uncommon trap: reason=bimorphic action=maybe_recompile pc=0x000000010cdf7328 method=java.util.regex.Pattern$5.isSatisfiedBy(I)Z @ 5
Event: 12.179 Thread 0x00007f9ccd009000 Uncommon trap: reason=bimorphic action=maybe_recompile pc=0x000000010cdf7328 method=java.util.regex.Pattern$5.isSatisfiedBy(I)Z @ 5
Event: 12.312 Thread 0x00007f9ccd009000 Uncommon trap: reason=bimorphic action=maybe_recompile pc=0x000000010cda51a8 method=java.util.AbstractCollection.toArray()[Ljava/lang/Object; @ 1
Event: 12.312 Thread 0x00007f9ccd009000 Uncommon trap: reason=bimorphic action=maybe_recompile pc=0x000000010cda51a8 method=java.util.AbstractCollection.toArray()[Ljava/lang/Object; @ 1
Event: 12.312 Thread 0x00007f9ccd009000 Uncommon trap: reason=bimorphic action=maybe_recompile pc=0x000000010cda51a8 method=java.util.AbstractCollection.toArray()[Ljava/lang/Object; @ 1
Event: 12.312 Thread 0x00007f9ccd009000 Uncommon trap: reason=bimorphic action=maybe_recompile pc=0x000000010cda51a8 method=java.util.AbstractCollection.toArray()[Ljava/lang/Object; @ 1
Event: 12.640 Thread 0x00007f9ccd009000 Uncommon trap: reason=unstable_if action=reinterpret pc=0x000000010c871c9c method=com.google.common.base.AbstractIterator.next()Ljava/lang/Object; @ 4
Event: 12.737 Thread 0x00007f9ccd009000 Uncommon trap: reason=predicate action=maybe_recompile pc=0x000000010c5ff704 method=java.lang.String.regionMatches(ZILjava/lang/String;II)Z @ 63

Classes redefined (0 events):
No events

Internal exceptions (10 events):
Event: 7.923 Thread 0x00007f9ccd009000 Exception <a 'java/lang/NullPointerException'> (0x000000076f58eac8) thrown at [/Users/jenkins/workspace/build-scripts/jobs/jdk8u/jdk8u-mac-x64-hotspot/workspace/build/src/hotspot/src/share/vm/runtime/sharedRuntime.cpp, line 609]
Event: 7.924 Thread 0x00007f9ccd009000 NullPointerException at vtable entry 0x000000010c3346f8
Event: 7.924 Thread 0x00007f9ccd009000 Exception <a 'java/lang/NullPointerException'> (0x000000076f597a58) thrown at [/Users/jenkins/workspace/build-scripts/jobs/jdk8u/jdk8u-mac-x64-hotspot/workspace/build/src/hotspot/src/share/vm/runtime/sharedRuntime.cpp, line 609]
Event: 7.924 Thread 0x00007f9ccd009000 NullPointerException at vtable entry 0x000000010c3346f8
Event: 7.924 Thread 0x00007f9ccd009000 Exception <a 'java/lang/NullPointerException'> (0x000000076f5a1230) thrown at [/Users/jenkins/workspace/build-scripts/jobs/jdk8u/jdk8u-mac-x64-hotspot/workspace/build/src/hotspot/src/share/vm/runtime/sharedRuntime.cpp, line 609]
Event: 8.164 Thread 0x00007f9ccd009000 Implicit null exception at 0x000000010c5d4635 to 0x000000010c5d4869
Event: 8.164 Thread 0x00007f9ccd009000 Implicit null exception at 0x000000010c51f6ef to 0x000000010c51f759
Event: 8.517 Thread 0x00007f9ccd009000 Implicit null exception at 0x000000010ccdd184 to 0x000000010cce1a71
Event: 11.531 Thread 0x00007f9ccd009000 Implicit null exception at 0x000000010cdefd0c to 0x000000010cdefd3b
Event: 11.961 Thread 0x00007f9ccd009000 Implicit null exception at 0x000000010c4f13ac to 0x000000010c4f14b9

Events (10 events):
Event: 12.776 loading class org/lwjgl/opengl/ContextImplementation done
Event: 12.776 loading class org/lwjgl/opengl/MacOSXContextImplementation
Event: 12.776 loading class org/lwjgl/opengl/MacOSXContextImplementation done
Event: 12.779 loading class org/lwjgl/opengl/GLContext
Event: 12.779 loading class org/lwjgl/opengl/GLContext done
Event: 12.783 loading class org/lwjgl/opengl/GLContext$CapabilitiesCacheEntry
Event: 12.783 loading class org/lwjgl/opengl/GLContext$CapabilitiesCacheEntry done
Event: 12.785 Thread 0x00007f9ccf070800 flushing nmethod 0x000000010c661b90
Event: 12.785 Thread 0x00007f9ccf070800 flushing nmethod 0x000000010c678790
Event: 12.785 Thread 0x00007f9ccf070800 flushing nmethod 0x000000010c6b4b50


Dynamic libraries:
0x00007fff2f4f6000 	/System/Library/Frameworks/Cocoa.framework/Versions/A/Cocoa
0x00007fff3cceb000 	/System/Library/Frameworks/Security.framework/Versions/A/Security
0x00007fff2e45b000 	/System/Library/Frameworks/ApplicationServices.framework/Versions/A/ApplicationServices
0x00007fff699d5000 	/usr/lib/libz.1.dylib
0x00007fff67499000 	/usr/lib/libSystem.B.dylib
0x00007fff30398000 	/System/Library/Frameworks/CoreFoundation.framework/Versions/A/CoreFoundation
0x00007fff32a55000 	/System/Library/Frameworks/Foundation.framework/Versions/C/Foundation
0x00007fff692f9000 	/usr/lib/libobjc.A.dylib
0x00007fff2d64b000 	/System/Library/Frameworks/AppKit.framework/Versions/C/AppKit
0x00007fff2fe7a000 	/System/Library/Frameworks/CoreData.framework/Versions/A/CoreData
0x00007fff614af000 	/System/Library/PrivateFrameworks/UIFoundation.framework/Versions/A/UIFoundation
0x00007fff5c543000 	/System/Library/PrivateFrameworks/RemoteViewServices.framework/Versions/A/RemoteViewServices
0x00007fff64009000 	/System/Library/PrivateFrameworks/XCTTargetBootstrap.framework/Versions/A/XCTTargetBootstrap
0x00007fff30265000 	/System/Library/Frameworks/CoreDisplay.framework/Versions/A/CoreDisplay
0x00007fff3590f000 	/System/Library/Frameworks/Metal.framework/Versions/A/Metal
0x00007fff4a504000 	/System/Library/PrivateFrameworks/DesktopServicesPriv.framework/Versions/A/DesktopServicesPriv
0x00007fff685d4000 	/usr/lib/liblangid.dylib
0x00007fff49799000 	/System/Library/PrivateFrameworks/CoreSVG.framework/Versions/A/CoreSVG
0x00007fff5f69f000 	/System/Library/PrivateFrameworks/SkyLight.framework/Versions/A/SkyLight
0x00007fff30819000 	/System/Library/Frameworks/CoreGraphics.framework/Versions/A/CoreGraphics
0x00007fff2c01f000 	/System/Library/Frameworks/Accelerate.framework/Versions/A/Accelerate
0x00007fff698c6000 	/usr/lib/libxml2.2.dylib
0x00007fff554a2000 	/System/Library/PrivateFrameworks/IconServices.framework/Versions/A/IconServices
0x00007fff33234000 	/System/Library/Frameworks/IOSurface.framework/Versions/A/IOSurface
0x00007fff66fc3000 	/usr/lib/libDiagnosticMessagesClient.dylib
0x00007fff4a35e000 	/System/Library/PrivateFrameworks/DFRFoundation.framework/Versions/A/DFRFoundation
0x00007fff68363000 	/usr/lib/libicucore.A.dylib
0x00007fff2e78d000 	/System/Library/Frameworks/AudioToolbox.framework/Versions/A/AudioToolbox
0x00007fff2e870000 	/System/Library/Frameworks/AudioUnit.framework/Versions/A/AudioUnit
0x00007fff6769b000 	/usr/lib/libauto.dylib
0x00007fff4a400000 	/System/Library/PrivateFrameworks/DataDetectorsCore.framework/Versions/A/DataDetectorsCore
0x00007fff2f017000 	/System/Library/Frameworks/Carbon.framework/Versions/A/Frameworks/HIToolbox.framework/Versions/A/HIToolbox
0x00007fff3bee7000 	/System/Library/Frameworks/QuartzCore.framework/Versions/A/QuartzCore
0x00007fff2f356000 	/System/Library/Frameworks/Carbon.framework/Versions/A/Frameworks/SpeechRecognition.framework/Versions/A/SpeechRecognition
0x00007fff49e72000 	/System/Library/PrivateFrameworks/CoreUI.framework/Versions/A/CoreUI
0x00007fff2f8e5000 	/System/Library/Frameworks/CoreAudio.framework/Versions/A/CoreAudio
0x00007fff32714000 	/System/Library/Frameworks/DiskArbitration.framework/Versions/A/DiskArbitration
0x00007fff5751e000 	/System/Library/PrivateFrameworks/MultitouchSupport.framework/Versions/A/MultitouchSupport
0x00007fff6822a000 	/usr/lib/libenergytrace.dylib
0x00007fff3318e000 	/System/Library/Frameworks/IOKit.framework/Versions/A/IOKit
0x00007fff31780000 	/System/Library/Frameworks/CoreServices.framework/Versions/A/CoreServices
0x00007fff596d6000 	/System/Library/PrivateFrameworks/PerformanceAnalysis.framework/Versions/A/PerformanceAnalysis
0x00007fff3af1a000 	/System/Library/Frameworks/OpenGL.framework/Versions/A/OpenGL
0x00007fff2f504000 	/System/Library/Frameworks/ColorSync.framework/Versions/A/ColorSync
0x00007fff30e9c000 	/System/Library/Frameworks/CoreImage.framework/Versions/A/CoreImage
0x00007fff321f3000 	/System/Library/Frameworks/CoreText.framework/Versions/A/CoreText
0x00007fff332c4000 	/System/Library/Frameworks/ImageIO.framework/Versions/A/ImageIO
0x00007fff6777f000 	/usr/lib/libc++.1.dylib
0x00007fff677fb000 	/usr/lib/libcompression.dylib
0x00007fff67307000 	/usr/lib/libMobileGestalt.dylib
0x00007fff61219000 	/System/Library/PrivateFrameworks/TextureIO.framework/Versions/A/TextureIO
0x00007fff675fe000 	/usr/lib/libate.dylib
0x00007fff556ab000 	/System/Library/PrivateFrameworks/InternationalSupport.framework/Versions/A/InternationalSupport
0x00007fff6a296000 	/usr/lib/system/libcache.dylib
0x00007fff6a29c000 	/usr/lib/system/libcommonCrypto.dylib
0x00007fff6a2a8000 	/usr/lib/system/libcompiler_rt.dylib
0x00007fff6a2b0000 	/usr/lib/system/libcopyfile.dylib
0x00007fff6a2ba000 	/usr/lib/system/libcorecrypto.dylib
0x00007fff6a459000 	/usr/lib/system/libdispatch.dylib
0x00007fff6a49a000 	/usr/lib/system/libdyld.dylib
0x00007fff6a4d1000 	/usr/lib/system/libkeymgr.dylib
0x00007fff6a4df000 	/usr/lib/system/liblaunch.dylib
0x00007fff6a4e0000 	/usr/lib/system/libmacho.dylib
0x00007fff6a4e6000 	/usr/lib/system/libquarantine.dylib
0x00007fff6a4e9000 	/usr/lib/system/libremovefile.dylib
0x00007fff6a4eb000 	/usr/lib/system/libsystem_asl.dylib
0x00007fff6a503000 	/usr/lib/system/libsystem_blocks.dylib
0x00007fff6a504000 	/usr/lib/system/libsystem_c.dylib
0x00007fff6a58c000 	/usr/lib/system/libsystem_configuration.dylib
0x00007fff6a590000 	/usr/lib/system/libsystem_coreservices.dylib
0x00007fff6a594000 	/usr/lib/system/libsystem_darwin.dylib
0x00007fff6a59d000 	/usr/lib/system/libsystem_dnssd.dylib
0x00007fff6a5a5000 	/usr/lib/system/libsystem_featureflags.dylib
0x00007fff6a5a7000 	/usr/lib/system/libsystem_info.dylib
0x00007fff6a622000 	/usr/lib/system/libsystem_m.dylib
0x00007fff6a66a000 	/usr/lib/system/libsystem_malloc.dylib
0x00007fff6a692000 	/usr/lib/system/libsystem_networkextension.dylib
0x00007fff6a6a0000 	/usr/lib/system/libsystem_notify.dylib
0x00007fff6a6be000 	/usr/lib/system/libsystem_sandbox.dylib
0x00007fff6a6c3000 	/usr/lib/system/libsystem_secinit.dylib
0x00007fff6a5f5000 	/usr/lib/system/libsystem_kernel.dylib
0x00007fff6a6aa000 	/usr/lib/system/libsystem_platform.dylib
0x00007fff6a6b3000 	/usr/lib/system/libsystem_pthread.dylib
0x00007fff6a6c6000 	/usr/lib/system/libsystem_symptoms.dylib
0x00007fff6a6ce000 	/usr/lib/system/libsystem_trace.dylib
0x00007fff6a6e6000 	/usr/lib/system/libunwind.dylib
0x00007fff6a6ec000 	/usr/lib/system/libxpc.dylib
0x00007fff677d2000 	/usr/lib/libc++abi.dylib
0x00007fff685d6000 	/usr/lib/liblzma.5.dylib
0x00007fff68251000 	/usr/lib/libfakelink.dylib
0x00007fff6758b000 	/usr/lib/libarchive.2.dylib
0x00007fff3dd9c000 	/System/Library/Frameworks/SystemConfiguration.framework/Versions/A/SystemConfiguration
0x00007fff66ef6000 	/usr/lib/libCRFSuite.dylib
0x00007fff2ec07000 	/System/Library/Frameworks/CFNetwork.framework/Versions/A/CFNetwork
0x00007fff67761000 	/usr/lib/libbsm.0.dylib
0x00007fff6a4d2000 	/usr/lib/system/libkxld.dylib
0x00007fff43cdb000 	/System/Library/PrivateFrameworks/AppleFSCompression.framework/Versions/A/AppleFSCompression
0x00007fff67aec000 	/usr/lib/libcoretls.dylib
0x00007fff67b03000 	/usr/lib/libcoretls_cfhelpers.dylib
0x00007fff6933f000 	/usr/lib/libpam.2.dylib
0x00007fff69474000 	/usr/lib/libsqlite3.dylib
0x00007fff698b3000 	/usr/lib/libxar.1.dylib
0x00007fff67772000 	/usr/lib/libbz2.1.0.dylib
0x00007fff68272000 	/usr/lib/libiconv.2.dylib
0x00007fff677e8000 	/usr/lib/libcharset.1.dylib
0x00007fff68ddc000 	/usr/lib/libnetwork.dylib
0x00007fff69346000 	/usr/lib/libpcap.A.dylib
0x00007fff67540000 	/usr/lib/libapple_nghttp2.dylib
0x00007fff31b37000 	/System/Library/Frameworks/CoreServices.framework/Versions/A/Frameworks/FSEvents.framework/Versions/A/FSEvents
0x00007fff31807000 	/System/Library/Frameworks/CoreServices.framework/Versions/A/Frameworks/CarbonCore.framework/Versions/A/CarbonCore
0x00007fff31d7b000 	/System/Library/Frameworks/CoreServices.framework/Versions/A/Frameworks/Metadata.framework/Versions/A/Metadata
0x00007fff31e14000 	/System/Library/Frameworks/CoreServices.framework/Versions/A/Frameworks/OSServices.framework/Versions/A/OSServices
0x00007fff31e42000 	/System/Library/Frameworks/CoreServices.framework/Versions/A/Frameworks/SearchKit.framework/Versions/A/SearchKit
0x00007fff31781000 	/System/Library/Frameworks/CoreServices.framework/Versions/A/Frameworks/AE.framework/Versions/A/AE
0x00007fff31b40000 	/System/Library/Frameworks/CoreServices.framework/Versions/A/Frameworks/LaunchServices.framework/Versions/A/LaunchServices
0x00007fff31ae9000 	/System/Library/Frameworks/CoreServices.framework/Versions/A/Frameworks/DictionaryServices.framework/Versions/A/DictionaryServices
0x00007fff31eaa000 	/System/Library/Frameworks/CoreServices.framework/Versions/A/Frameworks/SharedFileList.framework/Versions/A/SharedFileList
0x00007fff36d39000 	/System/Library/Frameworks/NetFS.framework/Versions/A/NetFS
0x00007fff57a4e000 	/System/Library/PrivateFrameworks/NetAuth.framework/Versions/A/NetAuth
0x00007fff643d6000 	/System/Library/PrivateFrameworks/login.framework/Versions/A/Frameworks/loginsupport.framework/Versions/A/loginsupport
0x00007fff60ce4000 	/System/Library/PrivateFrameworks/TCC.framework/Versions/A/TCC
0x00007fff4890c000 	/System/Library/PrivateFrameworks/CoreNLP.framework/Versions/A/CoreNLP
0x00007fff56f1f000 	/System/Library/PrivateFrameworks/MetadataUtilities.framework/Versions/A/MetadataUtilities
0x00007fff686ae000 	/usr/lib/libmecabra.dylib
0x00007fff68606000 	/usr/lib/libmecab.dylib
0x00007fff68262000 	/usr/lib/libgermantok.dylib
0x00007fff67527000 	/usr/lib/libThaiTokenizer.dylib
0x00007fff66f2d000 	/usr/lib/libChineseTokenizer.dylib
0x00007fff2c037000 	/System/Library/Frameworks/Accelerate.framework/Versions/A/Frameworks/vImage.framework/Versions/A/vImage
0x00007fff2d4a1000 	/System/Library/Frameworks/Accelerate.framework/Versions/A/Frameworks/vecLib.framework/Versions/A/vecLib
0x00007fff2d3de000 	/System/Library/Frameworks/Accelerate.framework/Versions/A/Frameworks/vecLib.framework/Versions/A/libvMisc.dylib
0x00007fff2d206000 	/System/Library/Frameworks/Accelerate.framework/Versions/A/Frameworks/vecLib.framework/Versions/A/libvDSP.dylib
0x00007fff2c68e000 	/System/Library/Frameworks/Accelerate.framework/Versions/A/Frameworks/vecLib.framework/Versions/A/libBLAS.dylib
0x00007fff2cdca000 	/System/Library/Frameworks/Accelerate.framework/Versions/A/Frameworks/vecLib.framework/Versions/A/libLAPACK.dylib
0x00007fff2d166000 	/System/Library/Frameworks/Accelerate.framework/Versions/A/Frameworks/vecLib.framework/Versions/A/libLinearAlgebra.dylib
0x00007fff2d1f3000 	/System/Library/Frameworks/Accelerate.framework/Versions/A/Frameworks/vecLib.framework/Versions/A/libSparseBLAS.dylib
0x00007fff2d17c000 	/System/Library/Frameworks/Accelerate.framework/Versions/A/Frameworks/vecLib.framework/Versions/A/libQuadrature.dylib
0x00007fff2c8f6000 	/System/Library/Frameworks/Accelerate.framework/Versions/A/Frameworks/vecLib.framework/Versions/A/libBNNS.dylib
0x00007fff2d182000 	/System/Library/Frameworks/Accelerate.framework/Versions/A/Frameworks/vecLib.framework/Versions/A/libSparse.dylib
0x00007fff55a93000 	/System/Library/PrivateFrameworks/LanguageModeling.framework/Versions/A/LanguageModeling
0x00007fff482bc000 	/System/Library/PrivateFrameworks/CoreEmoji.framework/Versions/A/CoreEmoji
0x00007fff55bb1000 	/System/Library/PrivateFrameworks/LinguisticData.framework/Versions/A/LinguisticData
0x00007fff55b62000 	/System/Library/PrivateFrameworks/Lexicon.framework/Versions/A/Lexicon
0x00007fff677e9000 	/usr/lib/libcmph.dylib
0x00007fff39928000 	/System/Library/Frameworks/OpenDirectory.framework/Versions/A/Frameworks/CFOpenDirectory.framework/Versions/A/CFOpenDirectory
0x00007fff39945000 	/System/Library/Frameworks/OpenDirectory.framework/Versions/A/OpenDirectory
0x00007fff41d86000 	/System/Library/PrivateFrameworks/APFS.framework/Versions/A/APFS
0x00007fff3d035000 	/System/Library/Frameworks/SecurityFoundation.framework/Versions/A/SecurityFoundation
0x00007fff698af000 	/usr/lib/libutil.dylib
0x00007fff497f1000 	/System/Library/PrivateFrameworks/CoreServicesStore.framework/Versions/A/CoreServicesStore
0x00007fff3d0ec000 	/System/Library/Frameworks/ServiceManagement.framework/Versions/A/ServiceManagement
0x00007fff454ab000 	/System/Library/PrivateFrameworks/BackgroundTaskManagement.framework/Versions/A/BackgroundTaskManagement
0x00007fff699ac000 	/usr/lib/libxslt.1.dylib
0x00007fff4434e000 	/System/Library/PrivateFrameworks/AppleSystemInfo.framework/Versions/A/AppleSystemInfo
0x00007fff334df000 	/System/Library/Frameworks/ImageIO.framework/Versions/A/Resources/libJPEG.dylib
0x00007fff3379d000 	/System/Library/Frameworks/ImageIO.framework/Versions/A/Resources/libTIFF.dylib
0x00007fff33780000 	/System/Library/Frameworks/ImageIO.framework/Versions/A/Resources/libPng.dylib
0x00007fff33421000 	/System/Library/Frameworks/ImageIO.framework/Versions/A/Resources/libGIF.dylib
0x00007fff33425000 	/System/Library/Frameworks/ImageIO.framework/Versions/A/Resources/libJP2.dylib
0x00007fff3379b000 	/System/Library/Frameworks/ImageIO.framework/Versions/A/Resources/libRadiance.dylib
0x00007fff6822b000 	/usr/lib/libexpat.1.dylib
0x00007fff43e36000 	/System/Library/PrivateFrameworks/AppleJPEG.framework/Versions/A/AppleJPEG
0x00007fff4cb07000 	/System/Library/PrivateFrameworks/FontServices.framework/libFontParser.dylib
0x00007fff633d8000 	/System/Library/PrivateFrameworks/WatchdogClient.framework/Versions/A/WatchdogClient
0x00007fff550ee000 	/System/Library/PrivateFrameworks/IOAccelerator.framework/Versions/A/IOAccelerator
0x00007fff35caa000 	/System/Library/Frameworks/MetalPerformanceShaders.framework/Versions/A/MetalPerformanceShaders
0x00007fff51884000 	/System/Library/PrivateFrameworks/GPUWrangler.framework/Versions/A/GPUWrangler
0x00007fff55103000 	/System/Library/PrivateFrameworks/IOPresentment.framework/Versions/A/IOPresentment
0x00007fff4a371000 	/System/Library/PrivateFrameworks/DSExternalDisplay.framework/Versions/A/DSExternalDisplay
0x00007fff3a2b9000 	/System/Library/Frameworks/OpenGL.framework/Versions/A/Libraries/libCoreFSCache.dylib
0x00007fff359f6000 	/System/Library/Frameworks/MetalPerformanceShaders.framework/Frameworks/MPSCore.framework/Versions/A/MPSCore
0x00007fff35a34000 	/System/Library/Frameworks/MetalPerformanceShaders.framework/Frameworks/MPSImage.framework/Versions/A/MPSImage
0x00007fff35afb000 	/System/Library/Frameworks/MetalPerformanceShaders.framework/Frameworks/MPSNeuralNetwork.framework/Versions/A/MPSNeuralNetwork
0x00007fff35abf000 	/System/Library/Frameworks/MetalPerformanceShaders.framework/Frameworks/MPSMatrix.framework/Versions/A/MPSMatrix
0x00007fff35c5a000 	/System/Library/Frameworks/MetalPerformanceShaders.framework/Frameworks/MPSRayIntersector.framework/Versions/A/MPSRayIntersector
0x00007fff35ae5000 	/System/Library/Frameworks/MetalPerformanceShaders.framework/Frameworks/MPSNDArray.framework/Versions/A/MPSNDArray
0x00007fff56f6c000 	/System/Library/PrivateFrameworks/MetalTools.framework/Versions/A/MetalTools
0x00007fff42f60000 	/System/Library/PrivateFrameworks/AggregateDictionary.framework/Versions/A/AggregateDictionary
0x00007fff47d04000 	/System/Library/PrivateFrameworks/CoreAnalytics.framework/Versions/A/CoreAnalytics
0x00007fff4426d000 	/System/Library/PrivateFrameworks/AppleSauce.framework/Versions/A/AppleSauce
0x00007fff671e9000 	/usr/lib/libIOReport.dylib
0x00007fff323ab000 	/System/Library/Frameworks/CoreVideo.framework/Versions/A/CoreVideo
0x00007fff52cfd000 	/System/Library/PrivateFrameworks/GraphVisualizer.framework/Versions/A/GraphVisualizer
0x00007fff4c04d000 	/System/Library/PrivateFrameworks/FaceCore.framework/Versions/A/FaceCore
0x00007fff398cf000 	/System/Library/Frameworks/OpenCL.framework/Versions/A/OpenCL
0x00007fff6700b000 	/usr/lib/libFosl_dynamic.dylib
0x00007fff5846e000 	/System/Library/PrivateFrameworks/OTSVG.framework/Versions/A/OTSVG
0x00007fff2e560000 	/System/Library/Frameworks/ApplicationServices.framework/Versions/A/Frameworks/ATS.framework/Versions/A/Resources/libFontRegistry.dylib
0x00007fff4ccd8000 	/System/Library/PrivateFrameworks/FontServices.framework/libhvf.dylib
0x00007fff3a2c4000 	/System/Library/Frameworks/OpenGL.framework/Versions/A/Libraries/libGFXShared.dylib
0x00007fff3a4a2000 	/System/Library/Frameworks/OpenGL.framework/Versions/A/Libraries/libGLU.dylib
0x00007fff3a2cd000 	/System/Library/Frameworks/OpenGL.framework/Versions/A/Libraries/libGL.dylib
0x00007fff3a2d8000 	/System/Library/Frameworks/OpenGL.framework/Versions/A/Libraries/libGLImage.dylib
0x00007fff3a2b6000 	/System/Library/Frameworks/OpenGL.framework/Versions/A/Libraries/libCVMSPluginSupport.dylib
0x00007fff3a2bf000 	/System/Library/Frameworks/OpenGL.framework/Versions/A/Libraries/libCoreVMClient.dylib
0x00007fff68c7d000 	/usr/lib/libncurses.5.4.dylib
0x00007fff2e45c000 	/System/Library/Frameworks/ApplicationServices.framework/Versions/A/Frameworks/ATS.framework/Versions/A/ATS
0x00007fff2e629000 	/System/Library/Frameworks/ApplicationServices.framework/Versions/A/Frameworks/ColorSyncLegacy.framework/Versions/A/ColorSyncLegacy
0x00007fff2e6c7000 	/System/Library/Frameworks/ApplicationServices.framework/Versions/A/Frameworks/HIServices.framework/Versions/A/HIServices
0x00007fff2e71f000 	/System/Library/Frameworks/ApplicationServices.framework/Versions/A/Frameworks/LangAnalysis.framework/Versions/A/LangAnalysis
0x00007fff2e72e000 	/System/Library/Frameworks/ApplicationServices.framework/Versions/A/Frameworks/PrintCore.framework/Versions/A/PrintCore
0x00007fff2e774000 	/System/Library/Frameworks/ApplicationServices.framework/Versions/A/Frameworks/QD.framework/Versions/A/QD
0x00007fff2e77f000 	/System/Library/Frameworks/ApplicationServices.framework/Versions/A/Frameworks/SpeechSynthesis.framework/Versions/A/SpeechSynthesis
0x00007fff2e5f9000 	/System/Library/Frameworks/ApplicationServices.framework/Versions/A/Frameworks/ATSUI.framework/Versions/A/ATSUI
0x00007fff680c1000 	/usr/lib/libcups.2.dylib
0x00007fff34d45000 	/System/Library/Frameworks/Kerberos.framework/Versions/A/Kerberos
0x00007fff32e87000 	/System/Library/Frameworks/GSS.framework/Versions/A/GSS
0x00007fff69400000 	/usr/lib/libresolv.9.dylib
0x00007fff52eaa000 	/System/Library/PrivateFrameworks/Heimdal.framework/Versions/A/Heimdal
0x00007fff34d58000 	/System/Library/Frameworks/Kerberos.framework/Versions/A/Libraries/libHeimdalProxy.dylib
0x00007fff68268000 	/usr/lib/libheimdal-asn1.dylib
0x00007fff4719c000 	/System/Library/PrivateFrameworks/CommonAuth.framework/Versions/A/CommonAuth
0x00007fff443eb000 	/System/Library/PrivateFrameworks/AssertionServices.framework/Versions/A/AssertionServices
0x00007fff44f8e000 	/System/Library/PrivateFrameworks/AudioToolboxCore.framework/Versions/A/AudioToolboxCore
0x00007fff64086000 	/System/Library/PrivateFrameworks/caulk.framework/Versions/A/caulk
0x00007fff45557000 	/System/Library/PrivateFrameworks/BaseBoard.framework/Versions/A/BaseBoard
0x00007fff5c6d1000 	/System/Library/PrivateFrameworks/RunningBoardServices.framework/Versions/A/RunningBoardServices
0x00007fff596e2000 	/System/Library/PrivateFrameworks/PersistentConnection.framework/Versions/A/PersistentConnection
0x00007fff5c0ca000 	/System/Library/PrivateFrameworks/ProtocolBuffer.framework/Versions/A/ProtocolBuffer
0x00007fff471c0000 	/System/Library/PrivateFrameworks/CommonUtilities.framework/Versions/A/CommonUtilities
0x00007fff456e5000 	/System/Library/PrivateFrameworks/Bom.framework/Versions/A/Bom
0x00007fff66ebc000 	/usr/lib/libAudioToolboxUtility.dylib
0x00007fff454b5000 	/System/Library/PrivateFrameworks/Backup.framework/Versions/A/Backup
0x00007fff4a292000 	/System/Library/PrivateFrameworks/CrashReporterSupport.framework/Versions/A/CrashReporterSupport
0x00007fff5e163000 	/System/Library/PrivateFrameworks/Sharing.framework/Versions/A/Sharing
0x00007fff439f9000 	/System/Library/PrivateFrameworks/Apple80211.framework/Versions/A/Apple80211
0x00007fff451d2000 	/System/Library/PrivateFrameworks/AuthKit.framework/Versions/A/AuthKit
0x00007fff49f9f000 	/System/Library/PrivateFrameworks/CoreUtils.framework/Versions/A/CoreUtils
0x00007fff323f0000 	/System/Library/Frameworks/CoreWLAN.framework/Versions/A/CoreWLAN
0x00007fff33014000 	/System/Library/Frameworks/IOBluetooth.framework/Versions/A/IOBluetooth
0x00007fff5729d000 	/System/Library/PrivateFrameworks/MobileKeyBag.framework/Versions/A/MobileKeyBag
0x00007fff48da4000 	/System/Library/PrivateFrameworks/CorePhoneNumbers.framework/Versions/A/CorePhoneNumbers
0x00007fff43de9000 	/System/Library/PrivateFrameworks/AppleIDAuthSupport.framework/Versions/A/AppleIDAuthSupport
0x00007fff36d46000 	/System/Library/Frameworks/Network.framework/Versions/A/Network
0x00007fff5593f000 	/System/Library/PrivateFrameworks/KeychainCircle.framework/Versions/A/KeychainCircle
0x00007fff2fe41000 	/System/Library/Frameworks/CoreBluetooth.framework/Versions/A/CoreBluetooth
0x00007fff601e2000 	/System/Library/PrivateFrameworks/SpeechRecognitionCore.framework/Versions/A/SpeechRecognitionCore
0x0000000106800000 	/Library/Java/JavaVirtualMachines/adoptopenjdk-8.jdk/Contents/Home/jre/lib/server/libjvm.dylib
0x0000000105761000 	/Library/Java/JavaVirtualMachines/adoptopenjdk-8.jdk/Contents/Home/jre/lib/libverify.dylib
0x0000000105772000 	/Library/Java/JavaVirtualMachines/adoptopenjdk-8.jdk/Contents/Home/jre/lib/libjava.dylib
0x00000001057b8000 	/Library/Java/JavaVirtualMachines/adoptopenjdk-8.jdk/Contents/Home/jre/lib/libinstrument.dylib
0x00000001057e6000 	/Library/Java/JavaVirtualMachines/adoptopenjdk-8.jdk/Contents/Home/jre/lib/libzip.dylib
0x000000010bbc0000 	/Library/Java/JavaVirtualMachines/adoptopenjdk-8.jdk/Contents/Home/jre/lib/libnio.dylib
0x000000010bbd9000 	/Library/Java/JavaVirtualMachines/adoptopenjdk-8.jdk/Contents/Home/jre/lib/libnet.dylib
0x000000010bc26000 	/Library/Java/JavaVirtualMachines/adoptopenjdk-8.jdk/Contents/Home/jre/lib/libmanagement.dylib
0x000000010c064000 	/private/var/folders/4t/j_8qx2g971v1wxz71lf4ywl00000gn/T/jna--1413183360/jna3953373175397087644.tmp
0x00007fff34d40000 	/System/Library/Frameworks/JavaVM.framework/Versions/A/JavaVM
0x00007fff55756000 	/System/Library/PrivateFrameworks/JavaLaunching.framework/Versions/A/JavaLaunching
0x0000000123a17000 	/Library/Java/JavaVirtualMachines/adoptopenjdk-8.jdk/Contents/Home/jre/lib/libawt.dylib
0x0000000123acf000 	/Library/Java/JavaVirtualMachines/adoptopenjdk-8.jdk/Contents/Home/jre/lib/libmlib_image.dylib
0x00007fff34d2f000 	/System/Library/Frameworks/JavaVM.framework/Versions/A/Frameworks/JavaNativeFoundation.framework/Versions/A/JavaNativeFoundation
0x00007fff34d38000 	/System/Library/Frameworks/JavaVM.framework/Versions/A/Frameworks/JavaRuntimeSupport.framework/Versions/A/JavaRuntimeSupport
0x00007fff2f012000 	/System/Library/Frameworks/Carbon.framework/Versions/A/Carbon
0x00007fff49d44000 	/System/Library/PrivateFrameworks/CoreSymbolication.framework/Versions/A/CoreSymbolication
0x00007fff2f013000 	/System/Library/Frameworks/Carbon.framework/Versions/A/Frameworks/CommonPanels.framework/Versions/A/CommonPanels
0x00007fff2f30c000 	/System/Library/Frameworks/Carbon.framework/Versions/A/Frameworks/Help.framework/Versions/A/Help
0x00007fff2f310000 	/System/Library/Frameworks/Carbon.framework/Versions/A/Frameworks/ImageCapture.framework/Versions/A/ImageCapture
0x00007fff2f317000 	/System/Library/Frameworks/Carbon.framework/Versions/A/Frameworks/OpenScripting.framework/Versions/A/OpenScripting
0x00007fff2f316000 	/System/Library/Frameworks/Carbon.framework/Versions/A/Frameworks/Ink.framework/Versions/A/Ink
0x00007fff2f352000 	/System/Library/Frameworks/Carbon.framework/Versions/A/Frameworks/Print.framework/Versions/A/Print
0x00007fff2f353000 	/System/Library/Frameworks/Carbon.framework/Versions/A/Frameworks/SecurityHI.framework/Versions/A/SecurityHI
0x00007fff4a4c6000 	/System/Library/PrivateFrameworks/DebugSymbols.framework/Versions/A/DebugSymbols
0x0000000123b99000 	/Library/Java/JavaVirtualMachines/adoptopenjdk-8.jdk/Contents/Home/jre/lib/libawt_lwawt.dylib
0x000000010c07b000 	/Library/Java/JavaVirtualMachines/adoptopenjdk-8.jdk/Contents/Home/jre/lib/libosxapp.dylib
0x00007fff328f0000 	/System/Library/Frameworks/ExceptionHandling.framework/Versions/A/ExceptionHandling
0x00007fff497bd000 	/System/Library/PrivateFrameworks/CoreServicesInternal.framework/Versions/A/CoreServicesInternal
0x00007fff3290f000 	/System/Library/Frameworks/FileProvider.framework/Versions/A/FileProvider
0x00007fff2d4a2000 	/System/Library/Frameworks/Accounts.framework/Versions/A/Accounts
0x00007fff51ba9000 	/System/Library/PrivateFrameworks/GenerationalStorage.framework/Versions/A/GenerationalStorage
0x00007fff60a24000 	/System/Library/PrivateFrameworks/SymptomDiagnosticReporter.framework/Versions/A/SymptomDiagnosticReporter
0x00007fff434fd000 	/System/Library/PrivateFrameworks/AppContainer.framework/Versions/A/AppContainer
0x00007fff6941a000 	/usr/lib/libsandbox.1.dylib
0x00007fff6237c000 	/System/Library/PrivateFrameworks/UserManagement.framework/Versions/A/UserManagement
0x00007fff462a1000 	/System/Library/PrivateFrameworks/ChunkingLibrary.framework/Versions/A/ChunkingLibrary
0x00007fff4356f000 	/System/Library/PrivateFrameworks/AppSandbox.framework/Versions/A/AppSandbox
0x00007fff5dfed000 	/System/Library/PrivateFrameworks/SecCodeWrapper.framework/Versions/A/SecCodeWrapper
0x00007fff672d1000 	/usr/lib/libMatch.1.dylib
0x00007fff2348a000 	/System/Library/CoreServices/RawCamera.bundle/Contents/MacOS/RawCamera
0x00007fff5709b000 	/System/Library/PrivateFrameworks/MobileAsset.framework/Versions/A/MobileAsset
0x00007fff608cc000 	/System/Library/PrivateFrameworks/StreamingZip.framework/Versions/A/StreamingZip
0x00007fff351c0000 	/System/Library/Frameworks/MediaToolbox.framework/Versions/A/MediaToolbox
0x00007fff47cb4000 	/System/Library/PrivateFrameworks/CoreAVCHD.framework/Versions/A/CoreAVCHD
0x00007fff350ea000 	/System/Library/Frameworks/MediaAccessibility.framework/Versions/A/MediaAccessibility
0x00007fff5644f000 	/System/Library/PrivateFrameworks/Mangrove.framework/Versions/A/Mangrove
0x00007fff315b8000 	/System/Library/Frameworks/CoreMedia.framework/Versions/A/CoreMedia
0x00007fff566bb000 	/System/Library/PrivateFrameworks/MediaExperience.framework/Versions/A/MediaExperience
0x00007fff3e096000 	/System/Library/Frameworks/VideoToolbox.framework/Versions/A/VideoToolbox
0x00007fff478de000 	/System/Library/PrivateFrameworks/CoreAUC.framework/Versions/A/CoreAUC
0x00007fff69472000 	/usr/lib/libspindump.dylib
0x00007fff4493d000 	/System/Library/PrivateFrameworks/AudioResourceArbitration.framework/Versions/A/AudioResourceArbitration
0x00007fff44352000 	/System/Library/PrivateFrameworks/AppleVA.framework/Versions/A/AppleVA
0x00007fff2c020000 	/System/Library/Frameworks/Accelerate.framework/Versions/A/Frameworks/vImage.framework/Versions/A/Libraries/libCGInterfaces.dylib
0x0000000125312000 	/usr/lib/libobjc-trampolines.dylib
0x00007fff4cc3f000 	/System/Library/PrivateFrameworks/FontServices.framework/libTrueTypeScaler.dylib
0x00007fff278ef000 	/System/Library/Extensions/AppleIntelICLGraphicsMTLDriver.bundle/Contents/MacOS/AppleIntelICLGraphicsMTLDriver
0x00007fff501c9000 	/System/Library/PrivateFrameworks/GPUCompiler.framework/Versions/3902/Libraries/libmetal_timestamp.dylib
0x00007fff63148000 	/System/Library/PrivateFrameworks/ViewBridge.framework/Versions/A/ViewBridge
0x00007fff643d9000 	/System/Library/PrivateFrameworks/login.framework/Versions/A/login
0x000000012641f000 	/Library/Java/JavaVirtualMachines/adoptopenjdk-8.jdk/Contents/Home/jre/lib/libfontmanager.dylib
0x00000001264a3000 	/Library/Java/JavaVirtualMachines/adoptopenjdk-8.jdk/Contents/Home/jre/lib/libfreetype.6.dylib
0x000000012657b000 	/Users/angela/Documents/MC/Creatures/build/natives/liblwjgl.dylib
0x0000000125b17000 	/Library/Java/JavaVirtualMachines/adoptopenjdk-8.jdk/Contents/Home/jre/lib/libjawt.dylib
0x0000000126dfd000 	/Library/Java/JavaVirtualMachines/adoptopenjdk-8.jdk/Contents/Home/jre/lib/libsunec.dylib
0x00007fff3af2a000 	/System/Library/Frameworks/OpenGL.framework/Versions/A/Resources/GLEngine.bundle/GLEngine
0x00007fff3a30d000 	/System/Library/Frameworks/OpenGL.framework/Versions/A/Libraries/libGLProgrammability.dylib
0x00007fff268db000 	/System/Library/Extensions/AppleIntelICLGraphicsGLDriver.bundle/Contents/MacOS/AppleIntelICLGraphicsGLDriver
0x00007fff51878000 	/System/Library/PrivateFrameworks/GPUSupport.framework/Versions/A/Libraries/libGPUSupportMercury.dylib
0x00007fff3b0a4000 	/System/Library/Frameworks/OpenGL.framework/Versions/A/Resources/GLRendererFloat.bundle/GLRendererFloat
0x00007fff398c6000 	/System/Library/Frameworks/OpenCL.framework/Versions/A/Libraries/libcldcpuengine.dylib

VM Arguments:
jvm_args: -Dforge.logging.console.level=debug -Dforge.logging.markers=SCAN,REGISTRIES,REGISTRYDUMP -javaagent:/Applications/IntelliJ IDEA CE.app/Contents/lib/idea_rt.jar=54061:/Applications/IntelliJ IDEA CE.app/Contents/bin -Dfile.encoding=UTF-8 
java_command: net.minecraftforge.legacydev.MainClient
java_class_path (initial): /Library/Java/JavaVirtualMachines/adoptopenjdk-8.jdk/Contents/Home/jre/lib/charsets.jar:/Library/Java/JavaVirtualMachines/adoptopenjdk-8.jdk/Contents/Home/jre/lib/ext/cldrdata.jar:/Library/Java/JavaVirtualMachines/adoptopenjdk-8.jdk/Contents/Home/jre/lib/ext/dnsns.jar:/Library/Java/JavaVirtualMachines/adoptopenjdk-8.jdk/Contents/Home/jre/lib/ext/jaccess.jar:/Library/Java/JavaVirtualMachines/adoptopenjdk-8.jdk/Contents/Home/jre/lib/ext/localedata.jar:/Library/Java/JavaVirtualMachines/adoptopenjdk-8.jdk/Contents/Home/jre/lib/ext/nashorn.jar:/Library/Java/JavaVirtualMachines/adoptopenjdk-8.jdk/Contents/Home/jre/lib/ext/sunec.jar:/Library/Java/JavaVirtualMachines/adoptopenjdk-8.jdk/Contents/Home/jre/lib/ext/sunjce_provider.jar:/Library/Java/JavaVirtualMachines/adoptopenjdk-8.jdk/Contents/Home/jre/lib/ext/sunpkcs11.jar:/Library/Java/JavaVirtualMachines/adoptopenjdk-8.jdk/Contents/Home/jre/lib/ext/zipfs.jar:/Library/Java/JavaVirtualMachines/adoptopenjdk-8.jdk/Contents/Home/jre/lib/jce.jar:/Library/Java/JavaVirtualMachines/adoptopenjdk-8.jdk/Contents/Home/jre/lib/jfr.jar:/Library/Java/JavaVirtualMachines/adoptopenjdk-8.jdk/Contents/Home/jre/lib/jsse.jar:/Library/Java/JavaVirtualMachines/adoptopenjdk-8.jdk/Contents/Home/jre/lib/management-agent.jar:/Library/Java/JavaVirtualMachines/adoptopenjdk-8.jdk/Contents/Home/jre/lib/resources.jar:/Library/Java/JavaVirtualMachines/adoptopenjdk-8.jdk/Contents/Home/jre/lib/rt.jar:/Library/Java/JavaVirtualMachines/adoptopenjdk-8.jdk/Contents/Home/lib/dt.jar:/Library/Java/JavaVirtualMachines/adoptopenjdk-8.jdk/Contents/Home/lib/jconsole.jar:/Library/Java/JavaVirtualMachines/adoptopenjdk-8.jdk/Contents/Home/lib/sa-jdi.jar:/Library/Java/JavaVirtualMachines/adoptopenjdk-8.jdk/Contents/Home/lib/tools.jar:/Users/angela/Documents/MC/Creatures/build/classes/java/main:/Users/angela/.gradle/caches/forge_gradle/deobf_dependencies/software/bernie/geckolib/forge-1.12.2-geckolib/3.0.0-beta.7_mapped_snapshot_20171003-1.12/fo
Launcher Type: SUN_STANDARD

Environment Variables:
JAVA_HOME=/Users/angela/Library/Java/JavaVirtualMachines/corretto-1.8.0_292
PATH=/usr/local/bin:/usr/bin:/bin:/usr/sbin:/sbin:/Users/angela/Documents/SURF 2021/ncbi-blast-2.12.0+/bin:/usr/local/Cellar/barrnap/0.9/bin:/Users/angela/miniconda3/pkgs/cd-hit-4.8.1-hd9629dc_0/bin:/opt/X11/bin:/Users/angela/p4/P4Git/binexport
SHELL=/bin/bash
DISPLAY=/private/tmp/com.apple.launchd.OhrELmHlOy/org.xquartz:0

Signal Handlers:
SIGSEGV: [libjvm.dylib+0x597a73], sa_mask[0]=11111111011111110111111111111111, sa_flags=SA_ONSTACK|SA_RESTART|SA_SIGINFO
SIGBUS: [libjvm.dylib+0x597a73], sa_mask[0]=11111111011111110111111111111111, sa_flags=SA_RESTART|SA_SIGINFO
SIGFPE: [libjvm.dylib+0x48bbdb], sa_mask[0]=11111111011111110111111111111111, sa_flags=SA_RESTART|SA_SIGINFO
SIGPIPE: [libjvm.dylib+0x48bbdb], sa_mask[0]=11111111011111110111111111111111, sa_flags=SA_RESTART|SA_SIGINFO
SIGXFSZ: [libjvm.dylib+0x48bbdb], sa_mask[0]=11111111011111110111111111111111, sa_flags=SA_RESTART|SA_SIGINFO
SIGILL: [libjvm.dylib+0x48bbdb], sa_mask[0]=11111111011111110111111111111111, sa_flags=SA_RESTART|SA_SIGINFO
SIGUSR1: SIG_DFL, sa_mask[0]=00000000000000000000000000000000, sa_flags=none
SIGUSR2: [libjvm.dylib+0x48c4d2], sa_mask[0]=00100000000000000000000000000000, sa_flags=SA_RESTART|SA_SIGINFO
SIGHUP: [libjvm.dylib+0x48a6d1], sa_mask[0]=11111111011111110111111111111111, sa_flags=SA_RESTART|SA_SIGINFO
SIGINT: [libjvm.dylib+0x48a6d1], sa_mask[0]=11111111011111110111111111111111, sa_flags=SA_RESTART|SA_SIGINFO
SIGTERM: [libjvm.dylib+0x48a6d1], sa_mask[0]=11111111011111110111111111111111, sa_flags=SA_RESTART|SA_SIGINFO
SIGQUIT: [libjvm.dylib+0x48a6d1], sa_mask[0]=11111111011111110111111111111111, sa_flags=SA_RESTART|SA_SIGINFO


---------------  S Y S T E M  ---------------

OS:Bsduname:Darwin 19.6.0 Darwin Kernel Version 19.6.0: Sun Jul  5 00:43:10 PDT 2020; root:xnu-6153.141.1~9/RELEASE_X86_64 x86_64
rlimit: STACK 8192k, CORE 0k, NPROC 2784, NOFILE 10240, AS infinity
load average:4.33 4.23 4.42

CPU:total 8 (initial active 8) (4 cores per cpu, 2 threads per core) family 6 model 126 stepping 5, cmov, cx8, fxsr, mmx, sse, sse2, sse3, ssse3, sse4.1, sse4.2, popcnt, avx, avx2, aes, clmul, erms, 3dnowpref, lzcnt, ht, tsc, tscinvbit, bmi1, bmi2, adx

Memory: 4k page, physical 16777216k(36696k free)

/proc/meminfo:


vm_info: OpenJDK 64-Bit Server VM (25.292-b10) for bsd-amd64 JRE (1.8.0_292-b10), built on Apr 20 2021 21:55:04 by "jenkins" with gcc 4.2.1 Compatible Apple LLVM 10.0.1 (clang-1001.0.46.4)

time: Wed Aug 25 14:09:05 2021
timezone: EDT
elapsed time: 12.832363 seconds (0d 0h 0m 12s)

