#
# A fatal error has been detected by the Java Runtime Environment:
#
#  SIGILL (0x4) at pc=0x00007fff3242dabc, pid=23047, tid=0x0000000000002903
#
# JRE version: OpenJDK Runtime Environment (Zulu 8.62.0.19-CA-macosx) (8.0_332-b09) (build 1.8.0_332-b09)
# Java VM: OpenJDK 64-Bit Server VM (25.332-b09 mixed mode bsd-amd64 compressed oops)
# Problematic frame:
# C  [AppKit+0x3e5abc]  -[NSOpenGLContext setView:]+0xe5
#
# Failed to write core dump. Core dumps have been disabled. To enable core dumping, try "ulimit -c unlimited" before starting Java again
#
# If you would like to submit a bug report, please visit:
#   http://www.azul.com/support/
# The crash happened outside the Java Virtual Machine in native code.
# See problematic frame for where to report the bug.
#

---------------  T H R E A D  ---------------

Current thread (0x00007f8d2200d800):  JavaThread "Client thread" [_thread_in_native, id=10499, stack(0x0000700000b3e000,0x0000700000c3e000)]

siginfo: si_signo: 4 (SIGILL), si_code: 1 (ILL_ILLOPC), si_addr: 0x00007fff3242dabc

Registers:
RAX=0x0000000000000000, RBX=0x00007f8d1f4af2f0, RCX=0x0000000000000000, RDX=0x0000000000000000
RSP=0x0000700000c3c370, RBP=0x0000700000c3c3c0, RSI=0x000000001f08000c, RDI=0x0000000000000000
R8 =0x0000000000000000, R9 =0x0000000000000000, R10=0x0000000000000000, R11=0x0000000000000000
R12=0x00007f8d1f4ad130, R13=0x0000000127fdeaa0, R14=0x00007f8d29d3bce0, R15=0x00007f8d29d591f0
RIP=0x00007fff3242dabc, EFLAGS=0x0000000000010202, ERR=0x0000000000000000
  TRAPNO=0x0000000000000006

Top of Stack: (sp=0x0000700000c3c370)
0x0000700000c3c370:   7865746e6f435853 656d656c706d4974
0x0000700000c3c380:   656d656c706d4974 5f6e6f697461746e
0x0000700000c3c390:   0000000000000000 0000000000000000
0x0000700000c3c3a0:   0000000000000000 00007f8d1f4af2f0
0x0000700000c3c3b0:   00007f8d266a9a60 00007f8d2200da60
0x0000700000c3c3c0:   0000700000c3c3f0 00000001275ddc77
0x0000700000c3c3d0:   0000000127fdeaa8 0000000000000000
0x0000700000c3c3e0:   0000700000c3c478 00007f8d2200d800
0x0000700000c3c3f0:   0000700000c3c450 0000000113c52507
0x0000700000c3c400:   000000077269cae8 0000000113c52222
0x0000700000c3c410:   0000700000c3c410 0000000127fdeaa0
0x0000700000c3c420:   0000700000c3c478 0000000127fdf048
0x0000700000c3c430:   0000000000000000 0000000127fdeaa8
0x0000700000c3c440:   0000000000000000 0000700000c3c470
0x0000700000c3c450:   0000700000c3c4c0 0000000113c420fd
0x0000700000c3c460:   0000000772bd6290 0000000113c4bb58
0x0000700000c3c470:   0000000772bfb348 000000077269cae8
0x0000700000c3c480:   0000700000c3c480 0000000127fde99f
0x0000700000c3c490:   0000700000c3c4f0 0000000127fdf048
0x0000700000c3c4a0:   0000000000000000 0000000127fdea10
0x0000700000c3c4b0:   0000700000c3c470 0000700000c3c4e0
0x0000700000c3c4c0:   0000700000c3c548 0000000113c42142
0x0000700000c3c4d0:   0000000000000000 000000077269cae8
0x0000700000c3c4e0:   0000000772bfb348 000000077269ca30
0x0000700000c3c4f0:   0000000772bd6320 0000000113c4dae7
0x0000700000c3c500:   0000000772bd6330 0000700000c3c4f8
0x0000700000c3c510:   0000000127fdc176 0000700000c3c558
0x0000700000c3c520:   0000000127fdd1c0 0000000000000000
0x0000700000c3c530:   0000000127fdc1a8 0000700000c3c4e0
0x0000700000c3c540:   0000700000c3c558 0000700000c3c5b0
0x0000700000c3c550:   0000000113c420fd 0000000772bd6330
0x0000700000c3c560:   00000007726575e8 00000007726575e8 

Instructions: (pc=0x00007fff3242dabc)
0x00007fff3242da9c:   00 31 f6 e8 80 e9 c1 ff e9 51 ff ff ff e8 c2 00
0x00007fff3242daac:   78 00 0f 0b 48 8d 3d 13 70 7f 00 e8 14 fb 77 00
0x00007fff3242dabc:   0f 0b 49 89 c6 eb 13 48 89 c7 e8 75 00 78 00 b3
0x00007fff3242dacc:   01 eb 9a 49 89 c6 84 db 74 05 e8 89 00 78 00 4c 

Register to memory mapping:

RAX=0x0000000000000000 is an unknown value
RBX=0x00007f8d1f4af2f0 is an unknown value
RCX=0x0000000000000000 is an unknown value
RDX=0x0000000000000000 is an unknown value
RSP=0x0000700000c3c370 is pointing into the stack for thread: 0x00007f8d2200d800
RBP=0x0000700000c3c3c0 is pointing into the stack for thread: 0x00007f8d2200d800
RSI=0x000000001f08000c is an unknown value
RDI=0x0000000000000000 is an unknown value
R8 =0x0000000000000000 is an unknown value
R9 =0x0000000000000000 is an unknown value
R10=0x0000000000000000 is an unknown value
R11=0x0000000000000000 is an unknown value
R12=0x00007f8d1f4ad130 is an unknown value
R13=0x0000000127fdeaa0 is pointing into metadata
R14=0x00007f8d29d3bce0 is an unknown value
R15=0x00007f8d29d591f0 is an unknown value


Stack: [0x0000700000b3e000,0x0000700000c3e000],  sp=0x0000700000c3c370,  free space=1016k
Native frames: (J=compiled Java code, j=interpreted, Vv=VM code, C=native code)
C  [AppKit+0x3e5abc]  -[NSOpenGLContext setView:]+0xe5
C  [liblwjgl.dylib+0x16c77]  Java_org_lwjgl_opengl_MacOSXContextImplementation_setView+0xb7
j  org.lwjgl.opengl.MacOSXContextImplementation.setView(Ljava/nio/ByteBuffer;Ljava/nio/ByteBuffer;)V+0
j  org.lwjgl.opengl.MacOSXContextImplementation.makeCurrent(Lorg/lwjgl/opengl/PeerInfo;Ljava/nio/ByteBuffer;)V+7
j  org.lwjgl.opengl.ContextGL.makeCurrent()V+46
j  org.lwjgl.opengl.DrawableGL.makeCurrent()V+14
j  org.lwjgl.opengl.Display.makeCurrent()V+3
j  org.lwjgl.opengl.Display.makeCurrentAndSetSwapInterval()V+0
j  org.lwjgl.opengl.Display.create(Lorg/lwjgl/opengl/PixelFormat;Lorg/lwjgl/opengl/Drawable;Lorg/lwjgl/opengl/ContextAttribs;)V+108
j  org.lwjgl.opengl.Display.create(Lorg/lwjgl/opengl/PixelFormat;)V+12
j  net.minecraft.client.Minecraft.createDisplay()V+22
j  net.minecraft.client.Minecraft.init()V+115
j  net.minecraft.client.Minecraft.run()V+6
j  net.minecraft.client.main.Main.main([Ljava/lang/String;)V+1094
v  ~StubRoutines::call_stub
V  [libjvm.dylib+0x2d8bf1]  JavaCalls::call_helper(JavaValue*, methodHandle*, JavaCallArguments*, Thread*)+0x6f3
V  [libjvm.dylib+0x4ec9f5]  Reflection::invoke(instanceKlassHandle, methodHandle, Handle, bool, objArrayHandle, BasicType, objArrayHandle, bool, Thread*)+0x7bf
V  [libjvm.dylib+0x4ed564]  Reflection::invoke_method(oopDesc*, Handle, objArrayHandle, Thread*)+0x190
V  [libjvm.dylib+0x358fc4]  JVM_InvokeMethod+0x20f
j  sun.reflect.NativeMethodAccessorImpl.invoke0(Ljava/lang/reflect/Method;Ljava/lang/Object;[Ljava/lang/Object;)Ljava/lang/Object;+0
j  sun.reflect.NativeMethodAccessorImpl.invoke(Ljava/lang/Object;[Ljava/lang/Object;)Ljava/lang/Object;+100
j  sun.reflect.DelegatingMethodAccessorImpl.invoke(Ljava/lang/Object;[Ljava/lang/Object;)Ljava/lang/Object;+6
J 1761 C1 java.lang.reflect.Method.invoke(Ljava/lang/Object;[Ljava/lang/Object;)Ljava/lang/Object; (62 bytes) @ 0x000000011426651c [0x0000000114266120+0x3fc]
j  net.minecraft.launchwrapper.Launch.launch([Ljava/lang/String;)V+661
j  net.minecraft.launchwrapper.Launch.main([Ljava/lang/String;)V+8
v  ~StubRoutines::call_stub
V  [libjvm.dylib+0x2d8bf1]  JavaCalls::call_helper(JavaValue*, methodHandle*, JavaCallArguments*, Thread*)+0x6f3
V  [libjvm.dylib+0x4ec9f5]  Reflection::invoke(instanceKlassHandle, methodHandle, Handle, bool, objArrayHandle, BasicType, objArrayHandle, bool, Thread*)+0x7bf
V  [libjvm.dylib+0x4ed564]  Reflection::invoke_method(oopDesc*, Handle, objArrayHandle, Thread*)+0x190
V  [libjvm.dylib+0x358fc4]  JVM_InvokeMethod+0x20f
j  sun.reflect.NativeMethodAccessorImpl.invoke0(Ljava/lang/reflect/Method;Ljava/lang/Object;[Ljava/lang/Object;)Ljava/lang/Object;+0
j  sun.reflect.NativeMethodAccessorImpl.invoke(Ljava/lang/Object;[Ljava/lang/Object;)Ljava/lang/Object;+100
j  sun.reflect.DelegatingMethodAccessorImpl.invoke(Ljava/lang/Object;[Ljava/lang/Object;)Ljava/lang/Object;+6
j  java.lang.reflect.Method.invoke(Ljava/lang/Object;[Ljava/lang/Object;)Ljava/lang/Object;+56
j  net.minecraftforge.legacydev.Main.start([Ljava/lang/String;)V+301
j  net.minecraftforge.legacydev.MainClient.main([Ljava/lang/String;)V+8
v  ~StubRoutines::call_stub
V  [libjvm.dylib+0x2d8bf1]  JavaCalls::call_helper(JavaValue*, methodHandle*, JavaCallArguments*, Thread*)+0x6f3
V  [libjvm.dylib+0x318f2e]  jni_invoke_static(JNIEnv_*, JavaValue*, _jobject*, JNICallType, _jmethodID*, JNI_ArgumentPusher*, Thread*)+0x255
V  [libjvm.dylib+0x31c599]  jni_CallStaticVoidMethod+0x1f6
C  [java+0x3844]  JavaMain+0x9bf
C  [libsystem_pthread.dylib+0x6109]  _pthread_start+0x94
C  [libsystem_pthread.dylib+0x1b8b]  thread_start+0xf
C  0x0000000000000000

Java frames: (J=compiled Java code, j=interpreted, Vv=VM code)
j  org.lwjgl.opengl.MacOSXContextImplementation.setView(Ljava/nio/ByteBuffer;Ljava/nio/ByteBuffer;)V+0
j  org.lwjgl.opengl.MacOSXContextImplementation.makeCurrent(Lorg/lwjgl/opengl/PeerInfo;Ljava/nio/ByteBuffer;)V+7
j  org.lwjgl.opengl.ContextGL.makeCurrent()V+46
j  org.lwjgl.opengl.DrawableGL.makeCurrent()V+14
j  org.lwjgl.opengl.Display.makeCurrent()V+3
j  org.lwjgl.opengl.Display.makeCurrentAndSetSwapInterval()V+0
j  org.lwjgl.opengl.Display.create(Lorg/lwjgl/opengl/PixelFormat;Lorg/lwjgl/opengl/Drawable;Lorg/lwjgl/opengl/ContextAttribs;)V+108
j  org.lwjgl.opengl.Display.create(Lorg/lwjgl/opengl/PixelFormat;)V+12
j  net.minecraft.client.Minecraft.createDisplay()V+22
j  net.minecraft.client.Minecraft.init()V+115
j  net.minecraft.client.Minecraft.run()V+6
j  net.minecraft.client.main.Main.main([Ljava/lang/String;)V+1094
v  ~StubRoutines::call_stub
j  sun.reflect.NativeMethodAccessorImpl.invoke0(Ljava/lang/reflect/Method;Ljava/lang/Object;[Ljava/lang/Object;)Ljava/lang/Object;+0
j  sun.reflect.NativeMethodAccessorImpl.invoke(Ljava/lang/Object;[Ljava/lang/Object;)Ljava/lang/Object;+100
j  sun.reflect.DelegatingMethodAccessorImpl.invoke(Ljava/lang/Object;[Ljava/lang/Object;)Ljava/lang/Object;+6
J 1761 C1 java.lang.reflect.Method.invoke(Ljava/lang/Object;[Ljava/lang/Object;)Ljava/lang/Object; (62 bytes) @ 0x000000011426651c [0x0000000114266120+0x3fc]
j  net.minecraft.launchwrapper.Launch.launch([Ljava/lang/String;)V+661
j  net.minecraft.launchwrapper.Launch.main([Ljava/lang/String;)V+8
v  ~StubRoutines::call_stub
j  sun.reflect.NativeMethodAccessorImpl.invoke0(Ljava/lang/reflect/Method;Ljava/lang/Object;[Ljava/lang/Object;)Ljava/lang/Object;+0
j  sun.reflect.NativeMethodAccessorImpl.invoke(Ljava/lang/Object;[Ljava/lang/Object;)Ljava/lang/Object;+100
j  sun.reflect.DelegatingMethodAccessorImpl.invoke(Ljava/lang/Object;[Ljava/lang/Object;)Ljava/lang/Object;+6
j  java.lang.reflect.Method.invoke(Ljava/lang/Object;[Ljava/lang/Object;)Ljava/lang/Object;+56
j  net.minecraftforge.legacydev.Main.start([Ljava/lang/String;)V+301
j  net.minecraftforge.legacydev.MainClient.main([Ljava/lang/String;)V+8
v  ~StubRoutines::call_stub

---------------  P R O C E S S  ---------------

Java Threads: ( => current thread )
  0x00007f8d295a2800 JavaThread "AWT-Shutdown" [_thread_blocked, id=73743, stack(0x00007000026c7000,0x00007000027c7000)]
  0x00007f8d1f883800 JavaThread "Timer hack thread" daemon [_thread_blocked, id=37387, stack(0x0000700002232000,0x0000700002332000)]
  0x00007f8d2b311000 JavaThread "Snooper Timer" daemon [_thread_blocked, id=81671, stack(0x00007000025c4000,0x00007000026c4000)]
  0x00007f8d2a0ee000 JavaThread "AppKit Thread" daemon [_thread_in_native, id=775, stack(0x00007ffee9494000,0x00007ffee9c94000)]
  0x00007f8d218a1800 JavaThread "process reaper" daemon [_thread_blocked, id=22539, stack(0x0000700002183000,0x00007000021ac000)]
  0x00007f8d1f9c0000 JavaThread "Attach Listener" daemon [_thread_blocked, id=22275, stack(0x0000700002080000,0x0000700002180000)]
  0x00007f8d220de800 JavaThread "Service Thread" daemon [_thread_blocked, id=43267, stack(0x0000700001e7a000,0x0000700001f7a000)]
  0x00007f8d2280e000 JavaThread "C1 CompilerThread3" daemon [_thread_blocked, id=15363, stack(0x0000700001d77000,0x0000700001e77000)]
  0x00007f8d2280d000 JavaThread "C2 CompilerThread2" daemon [_thread_blocked, id=15619, stack(0x0000700001c74000,0x0000700001d74000)]
  0x00007f8d220dd800 JavaThread "C2 CompilerThread1" daemon [_thread_blocked, id=16131, stack(0x0000700001b71000,0x0000700001c71000)]
  0x00007f8d218d1800 JavaThread "C2 CompilerThread0" daemon [_thread_blocked, id=16387, stack(0x0000700001a6e000,0x0000700001b6e000)]
  0x00007f8d218cc000 JavaThread "Monitor Ctrl-Break" daemon [_thread_in_native, id=16643, stack(0x000070000196b000,0x0000700001a6b000)]
  0x00007f8d1f848800 JavaThread "Signal Dispatcher" daemon [_thread_blocked, id=17155, stack(0x0000700001868000,0x0000700001968000)]
  0x00007f8d21819000 JavaThread "Finalizer" daemon [_thread_blocked, id=12291, stack(0x000070000165f000,0x000070000175f000)]
  0x00007f8d20016000 JavaThread "Reference Handler" daemon [_thread_blocked, id=18947, stack(0x000070000155c000,0x000070000165c000)]
=>0x00007f8d2200d800 JavaThread "Client thread" [_thread_in_native, id=10499, stack(0x0000700000b3e000,0x0000700000c3e000)]

Other Threads:
  0x00007f8d20015800 VMThread [stack: 0x0000700001459000,0x0000700001559000] [id=11779]
  0x00007f8d220df000 WatcherThread [stack: 0x0000700001f7d000,0x000070000207d000] [id=43011]

VM state:not at safepoint (normal execution)

VM Mutex/Monitor currently owned by a thread: None

heap address: 0x00000006c0000000, size: 4096 MB, Compressed Oops mode: Zero based, Oop shift amount: 3
Narrow klass base: 0x0000000000000000, Narrow klass shift: 3
Compressed class space size: 1073741824 Address: 0x00000007c0000000

Heap:
 PSYoungGen      total 403968K, used 151965K [0x000000076ab00000, 0x000000078f180000, 0x00000007c0000000)
  eden space 368128K, 37% used [0x000000076ab00000,0x000000077325f798,0x0000000781280000)
  from space 35840K, 37% used [0x0000000781280000,0x0000000781f87c90,0x0000000783580000)
  to   space 35328K, 0% used [0x000000078cf00000,0x000000078cf00000,0x000000078f180000)
 ParOldGen       total 134656K, used 73273K [0x00000006c0000000, 0x00000006c8380000, 0x000000076ab00000)
  object space 134656K, 54% used [0x00000006c0000000,0x00000006c478e6d0,0x00000006c8380000)
 Metaspace       used 34458K, capacity 34926K, committed 35328K, reserved 1079296K
  class space    used 4619K, capacity 4780K, committed 4864K, reserved 1048576K

Card table byte_map: [0x0000000108274000,0x0000000108a75000] byte_map_base: 0x0000000104c74000

Marking Bits: (ParMarkBitMap*) 0x000000010772f948
 Begin Bits: [0x0000000108fcb000, 0x000000010cfcb000)
 End Bits:   [0x000000010cfcb000, 0x0000000110fcb000)

Polling page: 0x0000000105fef000

CodeCache: size=245760Kb used=12107Kb max_used=13141Kb free=233652Kb
 bounds [0x0000000113c3a000, 0x000000011493a000, 0x0000000122c3a000]
 total_blobs=3905 nmethods=3351 adapters=466
 compilation: enabled

Compilation events (10 events):
Event: 10.247 Thread 0x00007f8d2280e000 3963       3       java.lang.reflect.Modifier::isFinal (13 bytes)
Event: 10.247 Thread 0x00007f8d2280e000 nmethod 3963 0x0000000113f206d0 code [0x0000000113f20840, 0x0000000113f209d0]
Event: 10.248 Thread 0x00007f8d2280e000 3965       3       java.lang.reflect.Field::setFieldAccessor (34 bytes)
Event: 10.248 Thread 0x00007f8d2280e000 nmethod 3965 0x0000000113f20090 code [0x0000000113f20220, 0x0000000113f205a8]
Event: 10.251 Thread 0x00007f8d2280d000 3967       4       sun.nio.cs.UTF_8$Encoder::encodeArrayLoop (489 bytes)
Event: 10.253 Thread 0x00007f8d220dd800 3968       4       java.lang.Integer::valueOf (32 bytes)
Event: 10.253 Thread 0x00007f8d218d1800 3969       4       java.nio.Buffer::remaining (20 bytes)
Event: 10.253 Thread 0x00007f8d218d1800 nmethod 3969 0x0000000114501690 code [0x00000001145017e0, 0x0000000114501858]
Event: 10.253 Thread 0x00007f8d220dd800 nmethod 3968 0x00000001145013d0 code [0x0000000114501520, 0x00000001145015f8]
Event: 10.256 Thread 0x00007f8d2280d000 nmethod 3967 0x0000000114500810 code [0x0000000114500980, 0x0000000114500e78]

GC Heap History (10 events):
Event: 5.590 GC heap before
{Heap before GC invocations=8 (full 0):
 PSYoungGen      total 160256K, used 69266K [0x000000076ab00000, 0x000000077e800000, 0x00000007c0000000)
  eden space 130048K, 33% used [0x000000076ab00000,0x000000076d5f8170,0x0000000772a00000)
  from space 30208K, 83% used [0x0000000772a00000,0x00000007742ac938,0x0000000774780000)
  to   space 32256K, 0% used [0x000000077c880000,0x000000077c880000,0x000000077e800000)
 ParOldGen       total 175104K, used 37795K [0x00000006c0000000, 0x00000006cab00000, 0x000000076ab00000)
  object space 175104K, 21% used [0x00000006c0000000,0x00000006c24e8e38,0x00000006cab00000)
 Metaspace       used 20743K, capacity 21052K, committed 21296K, reserved 1069056K
  class space    used 2479K, capacity 2591K, committed 2688K, reserved 1048576K
Event: 5.598 GC heap after
Heap after GC invocations=8 (full 0):
 PSYoungGen      total 291328K, used 20738K [0x000000076ab00000, 0x000000077e700000, 0x00000007c0000000)
  eden space 260096K, 0% used [0x000000076ab00000,0x000000076ab00000,0x000000077a900000)
  from space 31232K, 66% used [0x000000077c880000,0x000000077dcc0bf0,0x000000077e700000)
  to   space 31744K, 0% used [0x000000077a900000,0x000000077a900000,0x000000077c800000)
 ParOldGen       total 175104K, used 39635K [0x00000006c0000000, 0x00000006cab00000, 0x000000076ab00000)
  object space 175104K, 22% used [0x00000006c0000000,0x00000006c26b4ec8,0x00000006cab00000)
 Metaspace       used 20743K, capacity 21052K, committed 21296K, reserved 1069056K
  class space    used 2479K, capacity 2591K, committed 2688K, reserved 1048576K
}
Event: 5.598 GC heap before
{Heap before GC invocations=9 (full 1):
 PSYoungGen      total 291328K, used 20738K [0x000000076ab00000, 0x000000077e700000, 0x00000007c0000000)
  eden space 260096K, 0% used [0x000000076ab00000,0x000000076ab00000,0x000000077a900000)
  from space 31232K, 66% used [0x000000077c880000,0x000000077dcc0bf0,0x000000077e700000)
  to   space 31744K, 0% used [0x000000077a900000,0x000000077a900000,0x000000077c800000)
 ParOldGen       total 175104K, used 39635K [0x00000006c0000000, 0x00000006cab00000, 0x000000076ab00000)
  object space 175104K, 22% used [0x00000006c0000000,0x00000006c26b4ec8,0x00000006cab00000)
 Metaspace       used 20743K, capacity 21052K, committed 21296K, reserved 1069056K
  class space    used 2479K, capacity 2591K, committed 2688K, reserved 1048576K
Event: 5.644 GC heap after
Heap after GC invocations=9 (full 1):
 PSYoungGen      total 291328K, used 0K [0x000000076ab00000, 0x000000077e700000, 0x00000007c0000000)
  eden space 260096K, 0% used [0x000000076ab00000,0x000000076ab00000,0x000000077a900000)
  from space 31232K, 0% used [0x000000077c880000,0x000000077c880000,0x000000077e700000)
  to   space 31744K, 0% used [0x000000077a900000,0x000000077a900000,0x000000077c800000)
 ParOldGen       total 134656K, used 38867K [0x00000006c0000000, 0x00000006c8380000, 0x000000076ab00000)
  object space 134656K, 28% used [0x00000006c0000000,0x00000006c25f4d00,0x00000006c8380000)
 Metaspace       used 20743K, capacity 21052K, committed 21296K, reserved 1069056K
  class space    used 2479K, capacity 2591K, committed 2688K, reserved 1048576K
}
Event: 7.325 GC heap before
{Heap before GC invocations=10 (full 1):
 PSYoungGen      total 291328K, used 260096K [0x000000076ab00000, 0x000000077e700000, 0x00000007c0000000)
  eden space 260096K, 100% used [0x000000076ab00000,0x000000077a900000,0x000000077a900000)
  from space 31232K, 0% used [0x000000077c880000,0x000000077c880000,0x000000077e700000)
  to   space 31744K, 0% used [0x000000077a900000,0x000000077a900000,0x000000077c800000)
 ParOldGen       total 134656K, used 38867K [0x00000006c0000000, 0x00000006c8380000, 0x000000076ab00000)
  object space 134656K, 28% used [0x00000006c0000000,0x00000006c25f4d00,0x00000006c8380000)
 Metaspace       used 26093K, capacity 26436K, committed 26624K, reserved 1073152K
  class space    used 3158K, capacity 3273K, committed 3328K, reserved 1048576K
Event: 7.339 GC heap after
Heap after GC invocations=10 (full 1):
 PSYoungGen      total 291840K, used 20869K [0x000000076ab00000, 0x0000000785400000, 0x00000007c0000000)
  eden space 260096K, 0% used [0x000000076ab00000,0x000000076ab00000,0x000000077a900000)
  from space 31744K, 65% used [0x000000077a900000,0x000000077bd615f8,0x000000077c800000)
  to   space 31232K, 0% used [0x0000000783580000,0x0000000783580000,0x0000000785400000)
 ParOldGen       total 134656K, used 38875K [0x00000006c0000000, 0x00000006c8380000, 0x000000076ab00000)
  object space 134656K, 28% used [0x00000006c0000000,0x00000006c25f6d00,0x00000006c8380000)
 Metaspace       used 26093K, capacity 26436K, committed 26624K, reserved 1073152K
  class space    used 3158K, capacity 3273K, committed 3328K, reserved 1048576K
}
Event: 8.192 GC heap before
{Heap before GC invocations=11 (full 1):
 PSYoungGen      total 291840K, used 280965K [0x000000076ab00000, 0x0000000785400000, 0x00000007c0000000)
  eden space 260096K, 100% used [0x000000076ab00000,0x000000077a900000,0x000000077a900000)
  from space 31744K, 65% used [0x000000077a900000,0x000000077bd615f8,0x000000077c800000)
  to   space 31232K, 0% used [0x0000000783580000,0x0000000783580000,0x0000000785400000)
 ParOldGen       total 134656K, used 38875K [0x00000006c0000000, 0x00000006c8380000, 0x000000076ab00000)
  object space 134656K, 28% used [0x00000006c0000000,0x00000006c25f6d00,0x00000006c8380000)
 Metaspace       used 28251K, capacity 28688K, committed 29184K, reserved 1075200K
  class space    used 3610K, capacity 3723K, committed 3840K, reserved 1048576K
Event: 8.212 GC heap after
Heap after GC invocations=11 (full 1):
 PSYoungGen      total 399360K, used 31205K [0x000000076ab00000, 0x0000000785d80000, 0x00000007c0000000)
  eden space 368128K, 0% used [0x000000076ab00000,0x000000076ab00000,0x0000000781280000)
  from space 31232K, 99% used [0x0000000783580000,0x00000007853f9518,0x0000000785400000)
  to   space 35840K, 0% used [0x0000000781280000,0x0000000781280000,0x0000000783580000)
 ParOldGen       total 134656K, used 42324K [0x00000006c0000000, 0x00000006c8380000, 0x000000076ab00000)
  object space 134656K, 31% used [0x00000006c0000000,0x00000006c2955198,0x00000006c8380000)
 Metaspace       used 28251K, capacity 28688K, committed 29184K, reserved 1075200K
  class space    used 3610K, capacity 3723K, committed 3840K, reserved 1048576K
}
Event: 9.626 GC heap before
{Heap before GC invocations=12 (full 1):
 PSYoungGen      total 399360K, used 399333K [0x000000076ab00000, 0x0000000785d80000, 0x00000007c0000000)
  eden space 368128K, 100% used [0x000000076ab00000,0x0000000781280000,0x0000000781280000)
  from space 31232K, 99% used [0x0000000783580000,0x00000007853f9518,0x0000000785400000)
  to   space 35840K, 0% used [0x0000000781280000,0x0000000781280000,0x0000000783580000)
 ParOldGen       total 134656K, used 42324K [0x00000006c0000000, 0x00000006c8380000, 0x000000076ab00000)
  object space 134656K, 31% used [0x00000006c0000000,0x00000006c2955198,0x00000006c8380000)
 Metaspace       used 32591K, capacity 32996K, committed 33280K, reserved 1077248K
  class space    used 4408K, capacity 4539K, committed 4608K, reserved 1048576K
Event: 9.651 GC heap after
Heap after GC invocations=12 (full 1):
 PSYoungGen      total 403968K, used 13343K [0x000000076ab00000, 0x000000078f180000, 0x00000007c0000000)
  eden space 368128K, 0% used [0x000000076ab00000,0x000000076ab00000,0x0000000781280000)
  from space 35840K, 37% used [0x0000000781280000,0x0000000781f87c90,0x0000000783580000)
  to   space 35328K, 0% used [0x000000078cf00000,0x000000078cf00000,0x000000078f180000)
 ParOldGen       total 134656K, used 73273K [0x00000006c0000000, 0x00000006c8380000, 0x000000076ab00000)
  object space 134656K, 54% used [0x00000006c0000000,0x00000006c478e6d0,0x00000006c8380000)
 Metaspace       used 32591K, capacity 32996K, committed 33280K, reserved 1077248K
  class space    used 4408K, capacity 4539K, committed 4608K, reserved 1048576K
}

Deoptimization events (10 events):
Event: 9.819 Thread 0x00007f8d2200d800 Uncommon trap: reason=unstable_if action=reinterpret pc=0x000000011428b904 method=java.util.regex.Pattern$BmpCharProperty.match(Ljava/util/regex/Matcher;ILjava/lang/CharSequence;)Z @ 34
Event: 9.819 Thread 0x00007f8d2200d800 Uncommon trap: reason=bimorphic action=maybe_recompile pc=0x0000000113d605a8 method=java.util.regex.Pattern$5.isSatisfiedBy(I)Z @ 5
Event: 9.819 Thread 0x00007f8d2200d800 Uncommon trap: reason=bimorphic action=maybe_recompile pc=0x0000000113d605a8 method=java.util.regex.Pattern$5.isSatisfiedBy(I)Z @ 5
Event: 9.819 Thread 0x00007f8d2200d800 Uncommon trap: reason=bimorphic action=maybe_recompile pc=0x0000000113d605a8 method=java.util.regex.Pattern$5.isSatisfiedBy(I)Z @ 5
Event: 9.911 Thread 0x00007f8d2200d800 Uncommon trap: reason=bimorphic action=maybe_recompile pc=0x000000011486e028 method=java.util.AbstractCollection.toArray()[Ljava/lang/Object; @ 1
Event: 9.911 Thread 0x00007f8d2200d800 Uncommon trap: reason=bimorphic action=maybe_recompile pc=0x000000011486e028 method=java.util.AbstractCollection.toArray()[Ljava/lang/Object; @ 1
Event: 9.912 Thread 0x00007f8d2200d800 Uncommon trap: reason=bimorphic action=maybe_recompile pc=0x000000011486e028 method=java.util.AbstractCollection.toArray()[Ljava/lang/Object; @ 1
Event: 9.912 Thread 0x00007f8d2200d800 Uncommon trap: reason=bimorphic action=maybe_recompile pc=0x000000011486e028 method=java.util.AbstractCollection.toArray()[Ljava/lang/Object; @ 1
Event: 10.154 Thread 0x00007f8d2200d800 Uncommon trap: reason=unstable_if action=reinterpret pc=0x00000001142c04dc method=com.google.common.base.AbstractIterator.next()Ljava/lang/Object; @ 4
Event: 10.228 Thread 0x00007f8d2200d800 Uncommon trap: reason=predicate action=maybe_recompile pc=0x0000000113d97d08 method=java.lang.String.regionMatches(ZILjava/lang/String;II)Z @ 63

Classes redefined (0 events):
No events

Internal exceptions (10 events):
Event: 6.545 Thread 0x00007f8d2200d800 Exception <a 'java/lang/NullPointerException'> (0x00000007708bc130) thrown at [/Users/tester/jenkins/workspace/zulu8-build-macosx/zulu-src.git/hotspot/src/share/vm/runtime/sharedRuntime.cpp, line 617]
Event: 6.546 Thread 0x00007f8d2200d800 NullPointerException at vtable entry 0x0000000114032620
Event: 6.546 Thread 0x00007f8d2200d800 Exception <a 'java/lang/NullPointerException'> (0x00000007708ca6e8) thrown at [/Users/tester/jenkins/workspace/zulu8-build-macosx/zulu-src.git/hotspot/src/share/vm/runtime/sharedRuntime.cpp, line 617]
Event: 6.547 Thread 0x00007f8d2200d800 NullPointerException at vtable entry 0x0000000114032620
Event: 6.547 Thread 0x00007f8d2200d800 Exception <a 'java/lang/NullPointerException'> (0x00000007708d9940) thrown at [/Users/tester/jenkins/workspace/zulu8-build-macosx/zulu-src.git/hotspot/src/share/vm/runtime/sharedRuntime.cpp, line 617]
Event: 6.769 Thread 0x00007f8d2200d800 Implicit null exception at 0x0000000114038535 to 0x0000000114038769
Event: 6.769 Thread 0x00007f8d2200d800 Implicit null exception at 0x0000000113f7976f to 0x0000000113f797d9
Event: 7.109 Thread 0x00007f8d2200d800 Implicit null exception at 0x0000000114789062 to 0x000000011478dbd5
Event: 9.412 Thread 0x00007f8d2200d800 Implicit null exception at 0x000000011483800c to 0x000000011483803b
Event: 9.716 Thread 0x00007f8d2200d800 Implicit null exception at 0x0000000113eb59ec to 0x0000000113eb5af9

Events (10 events):
Event: 10.253 loading class org/lwjgl/opengl/ContextGL
Event: 10.253 loading class org/lwjgl/opengl/ContextGL done
Event: 10.254 loading class org/lwjgl/opengl/ContextImplementation
Event: 10.254 loading class org/lwjgl/opengl/ContextImplementation done
Event: 10.255 loading class org/lwjgl/opengl/MacOSXContextImplementation
Event: 10.255 loading class org/lwjgl/opengl/MacOSXContextImplementation done
Event: 10.255 loading class org/lwjgl/opengl/GLContext
Event: 10.255 loading class org/lwjgl/opengl/GLContext done
Event: 10.256 loading class org/lwjgl/opengl/GLContext$CapabilitiesCacheEntry
Event: 10.256 loading class org/lwjgl/opengl/GLContext$CapabilitiesCacheEntry done


Dynamic libraries:
0x00007fff33ef3000 	/System/Library/Frameworks/Cocoa.framework/Versions/A/Cocoa
0x00007fff416ea000 	/System/Library/Frameworks/Security.framework/Versions/A/Security
0x00007fff32e58000 	/System/Library/Frameworks/ApplicationServices.framework/Versions/A/ApplicationServices
0x00007fff6e3a7000 	/usr/lib/libz.1.dylib
0x00007fff6be6b000 	/usr/lib/libSystem.B.dylib
0x00007fff34d95000 	/System/Library/Frameworks/CoreFoundation.framework/Versions/A/CoreFoundation
0x00007fff37452000 	/System/Library/Frameworks/Foundation.framework/Versions/C/Foundation
0x00007fff6dccb000 	/usr/lib/libobjc.A.dylib
0x00007fff32048000 	/System/Library/Frameworks/AppKit.framework/Versions/C/AppKit
0x00007fff34877000 	/System/Library/Frameworks/CoreData.framework/Versions/A/CoreData
0x00007fff65e80000 	/System/Library/PrivateFrameworks/UIFoundation.framework/Versions/A/UIFoundation
0x00007fff60f14000 	/System/Library/PrivateFrameworks/RemoteViewServices.framework/Versions/A/RemoteViewServices
0x00007fff689db000 	/System/Library/PrivateFrameworks/XCTTargetBootstrap.framework/Versions/A/XCTTargetBootstrap
0x00007fff34c62000 	/System/Library/Frameworks/CoreDisplay.framework/Versions/A/CoreDisplay
0x00007fff3a30d000 	/System/Library/Frameworks/Metal.framework/Versions/A/Metal
0x00007fff4ef01000 	/System/Library/PrivateFrameworks/DesktopServicesPriv.framework/Versions/A/DesktopServicesPriv
0x00007fff6cfa6000 	/usr/lib/liblangid.dylib
0x00007fff4e196000 	/System/Library/PrivateFrameworks/CoreSVG.framework/Versions/A/CoreSVG
0x00007fff64070000 	/System/Library/PrivateFrameworks/SkyLight.framework/Versions/A/SkyLight
0x00007fff35216000 	/System/Library/Frameworks/CoreGraphics.framework/Versions/A/CoreGraphics
0x00007fff30a1c000 	/System/Library/Frameworks/Accelerate.framework/Versions/A/Accelerate
0x00007fff6e298000 	/usr/lib/libxml2.2.dylib
0x00007fff59e9f000 	/System/Library/PrivateFrameworks/IconServices.framework/Versions/A/IconServices
0x00007fff37c31000 	/System/Library/Frameworks/IOSurface.framework/Versions/A/IOSurface
0x00007fff6b995000 	/usr/lib/libDiagnosticMessagesClient.dylib
0x00007fff4ed5b000 	/System/Library/PrivateFrameworks/DFRFoundation.framework/Versions/A/DFRFoundation
0x00007fff6cd35000 	/usr/lib/libicucore.A.dylib
0x00007fff3318a000 	/System/Library/Frameworks/AudioToolbox.framework/Versions/A/AudioToolbox
0x00007fff3326d000 	/System/Library/Frameworks/AudioUnit.framework/Versions/A/AudioUnit
0x00007fff6c06d000 	/usr/lib/libauto.dylib
0x00007fff4edfd000 	/System/Library/PrivateFrameworks/DataDetectorsCore.framework/Versions/A/DataDetectorsCore
0x00007fff33a14000 	/System/Library/Frameworks/Carbon.framework/Versions/A/Frameworks/HIToolbox.framework/Versions/A/HIToolbox
0x00007fff408e6000 	/System/Library/Frameworks/QuartzCore.framework/Versions/A/QuartzCore
0x00007fff33d53000 	/System/Library/Frameworks/Carbon.framework/Versions/A/Frameworks/SpeechRecognition.framework/Versions/A/SpeechRecognition
0x00007fff4e86f000 	/System/Library/PrivateFrameworks/CoreUI.framework/Versions/A/CoreUI
0x00007fff342e2000 	/System/Library/Frameworks/CoreAudio.framework/Versions/A/CoreAudio
0x00007fff37111000 	/System/Library/Frameworks/DiskArbitration.framework/Versions/A/DiskArbitration
0x00007fff5beef000 	/System/Library/PrivateFrameworks/MultitouchSupport.framework/Versions/A/MultitouchSupport
0x00007fff6cbfc000 	/usr/lib/libenergytrace.dylib
0x00007fff37b8b000 	/System/Library/Frameworks/IOKit.framework/Versions/A/IOKit
0x00007fff3617d000 	/System/Library/Frameworks/CoreServices.framework/Versions/A/CoreServices
0x00007fff5e0a7000 	/System/Library/PrivateFrameworks/PerformanceAnalysis.framework/Versions/A/PerformanceAnalysis
0x00007fff3f919000 	/System/Library/Frameworks/OpenGL.framework/Versions/A/OpenGL
0x00007fff33f01000 	/System/Library/Frameworks/ColorSync.framework/Versions/A/ColorSync
0x00007fff35899000 	/System/Library/Frameworks/CoreImage.framework/Versions/A/CoreImage
0x00007fff36bf0000 	/System/Library/Frameworks/CoreText.framework/Versions/A/CoreText
0x00007fff37cc1000 	/System/Library/Frameworks/ImageIO.framework/Versions/A/ImageIO
0x00007fff6c151000 	/usr/lib/libc++.1.dylib
0x00007fff6c1cd000 	/usr/lib/libcompression.dylib
0x00007fff6bcd9000 	/usr/lib/libMobileGestalt.dylib
0x00007fff65bea000 	/System/Library/PrivateFrameworks/TextureIO.framework/Versions/A/TextureIO
0x00007fff6bfd0000 	/usr/lib/libate.dylib
0x00007fff5a0a8000 	/System/Library/PrivateFrameworks/InternationalSupport.framework/Versions/A/InternationalSupport
0x00007fff6ec68000 	/usr/lib/system/libcache.dylib
0x00007fff6ec6e000 	/usr/lib/system/libcommonCrypto.dylib
0x00007fff6ec7a000 	/usr/lib/system/libcompiler_rt.dylib
0x00007fff6ec82000 	/usr/lib/system/libcopyfile.dylib
0x00007fff6ec8c000 	/usr/lib/system/libcorecrypto.dylib
0x00007fff6ee2b000 	/usr/lib/system/libdispatch.dylib
0x00007fff6ee6c000 	/usr/lib/system/libdyld.dylib
0x00007fff6eea3000 	/usr/lib/system/libkeymgr.dylib
0x00007fff6eeb1000 	/usr/lib/system/liblaunch.dylib
0x00007fff6eeb2000 	/usr/lib/system/libmacho.dylib
0x00007fff6eeb8000 	/usr/lib/system/libquarantine.dylib
0x00007fff6eebb000 	/usr/lib/system/libremovefile.dylib
0x00007fff6eebd000 	/usr/lib/system/libsystem_asl.dylib
0x00007fff6eed5000 	/usr/lib/system/libsystem_blocks.dylib
0x00007fff6eed6000 	/usr/lib/system/libsystem_c.dylib
0x00007fff6ef5e000 	/usr/lib/system/libsystem_configuration.dylib
0x00007fff6ef62000 	/usr/lib/system/libsystem_coreservices.dylib
0x00007fff6ef66000 	/usr/lib/system/libsystem_darwin.dylib
0x00007fff6ef6f000 	/usr/lib/system/libsystem_dnssd.dylib
0x00007fff6ef77000 	/usr/lib/system/libsystem_featureflags.dylib
0x00007fff6ef79000 	/usr/lib/system/libsystem_info.dylib
0x00007fff6eff4000 	/usr/lib/system/libsystem_m.dylib
0x00007fff6f03c000 	/usr/lib/system/libsystem_malloc.dylib
0x00007fff6f064000 	/usr/lib/system/libsystem_networkextension.dylib
0x00007fff6f072000 	/usr/lib/system/libsystem_notify.dylib
0x00007fff6f090000 	/usr/lib/system/libsystem_sandbox.dylib
0x00007fff6f095000 	/usr/lib/system/libsystem_secinit.dylib
0x00007fff6efc7000 	/usr/lib/system/libsystem_kernel.dylib
0x00007fff6f07c000 	/usr/lib/system/libsystem_platform.dylib
0x00007fff6f085000 	/usr/lib/system/libsystem_pthread.dylib
0x00007fff6f098000 	/usr/lib/system/libsystem_symptoms.dylib
0x00007fff6f0a0000 	/usr/lib/system/libsystem_trace.dylib
0x00007fff6f0b8000 	/usr/lib/system/libunwind.dylib
0x00007fff6f0be000 	/usr/lib/system/libxpc.dylib
0x00007fff6c1a4000 	/usr/lib/libc++abi.dylib
0x00007fff6cfa8000 	/usr/lib/liblzma.5.dylib
0x00007fff6cc23000 	/usr/lib/libfakelink.dylib
0x00007fff6bf5d000 	/usr/lib/libarchive.2.dylib
0x00007fff4279b000 	/System/Library/Frameworks/SystemConfiguration.framework/Versions/A/SystemConfiguration
0x00007fff6b8c8000 	/usr/lib/libCRFSuite.dylib
0x00007fff33604000 	/System/Library/Frameworks/CFNetwork.framework/Versions/A/CFNetwork
0x00007fff6c133000 	/usr/lib/libbsm.0.dylib
0x00007fff6eea4000 	/usr/lib/system/libkxld.dylib
0x00007fff486d8000 	/System/Library/PrivateFrameworks/AppleFSCompression.framework/Versions/A/AppleFSCompression
0x00007fff6c4be000 	/usr/lib/libcoretls.dylib
0x00007fff6c4d5000 	/usr/lib/libcoretls_cfhelpers.dylib
0x00007fff6dd11000 	/usr/lib/libpam.2.dylib
0x00007fff6de46000 	/usr/lib/libsqlite3.dylib
0x00007fff6e285000 	/usr/lib/libxar.1.dylib
0x00007fff6c144000 	/usr/lib/libbz2.1.0.dylib
0x00007fff6cc44000 	/usr/lib/libiconv.2.dylib
0x00007fff6c1ba000 	/usr/lib/libcharset.1.dylib
0x00007fff6d7ae000 	/usr/lib/libnetwork.dylib
0x00007fff6dd18000 	/usr/lib/libpcap.A.dylib
0x00007fff6bf12000 	/usr/lib/libapple_nghttp2.dylib
0x00007fff36534000 	/System/Library/Frameworks/CoreServices.framework/Versions/A/Frameworks/FSEvents.framework/Versions/A/FSEvents
0x00007fff36204000 	/System/Library/Frameworks/CoreServices.framework/Versions/A/Frameworks/CarbonCore.framework/Versions/A/CarbonCore
0x00007fff36778000 	/System/Library/Frameworks/CoreServices.framework/Versions/A/Frameworks/Metadata.framework/Versions/A/Metadata
0x00007fff36811000 	/System/Library/Frameworks/CoreServices.framework/Versions/A/Frameworks/OSServices.framework/Versions/A/OSServices
0x00007fff3683f000 	/System/Library/Frameworks/CoreServices.framework/Versions/A/Frameworks/SearchKit.framework/Versions/A/SearchKit
0x00007fff3617e000 	/System/Library/Frameworks/CoreServices.framework/Versions/A/Frameworks/AE.framework/Versions/A/AE
0x00007fff3653d000 	/System/Library/Frameworks/CoreServices.framework/Versions/A/Frameworks/LaunchServices.framework/Versions/A/LaunchServices
0x00007fff364e6000 	/System/Library/Frameworks/CoreServices.framework/Versions/A/Frameworks/DictionaryServices.framework/Versions/A/DictionaryServices
0x00007fff368a7000 	/System/Library/Frameworks/CoreServices.framework/Versions/A/Frameworks/SharedFileList.framework/Versions/A/SharedFileList
0x00007fff3b738000 	/System/Library/Frameworks/NetFS.framework/Versions/A/NetFS
0x00007fff5c41f000 	/System/Library/PrivateFrameworks/NetAuth.framework/Versions/A/NetAuth
0x00007fff68da8000 	/System/Library/PrivateFrameworks/login.framework/Versions/A/Frameworks/loginsupport.framework/Versions/A/loginsupport
0x00007fff656b5000 	/System/Library/PrivateFrameworks/TCC.framework/Versions/A/TCC
0x00007fff4d309000 	/System/Library/PrivateFrameworks/CoreNLP.framework/Versions/A/CoreNLP
0x00007fff5b91c000 	/System/Library/PrivateFrameworks/MetadataUtilities.framework/Versions/A/MetadataUtilities
0x00007fff6d080000 	/usr/lib/libmecabra.dylib
0x00007fff6cfd8000 	/usr/lib/libmecab.dylib
0x00007fff6cc34000 	/usr/lib/libgermantok.dylib
0x00007fff6bef9000 	/usr/lib/libThaiTokenizer.dylib
0x00007fff6b8ff000 	/usr/lib/libChineseTokenizer.dylib
0x00007fff30a34000 	/System/Library/Frameworks/Accelerate.framework/Versions/A/Frameworks/vImage.framework/Versions/A/vImage
0x00007fff31e9e000 	/System/Library/Frameworks/Accelerate.framework/Versions/A/Frameworks/vecLib.framework/Versions/A/vecLib
0x00007fff31ddb000 	/System/Library/Frameworks/Accelerate.framework/Versions/A/Frameworks/vecLib.framework/Versions/A/libvMisc.dylib
0x00007fff31c03000 	/System/Library/Frameworks/Accelerate.framework/Versions/A/Frameworks/vecLib.framework/Versions/A/libvDSP.dylib
0x00007fff3108b000 	/System/Library/Frameworks/Accelerate.framework/Versions/A/Frameworks/vecLib.framework/Versions/A/libBLAS.dylib
0x00007fff317c7000 	/System/Library/Frameworks/Accelerate.framework/Versions/A/Frameworks/vecLib.framework/Versions/A/libLAPACK.dylib
0x00007fff31b63000 	/System/Library/Frameworks/Accelerate.framework/Versions/A/Frameworks/vecLib.framework/Versions/A/libLinearAlgebra.dylib
0x00007fff31bf0000 	/System/Library/Frameworks/Accelerate.framework/Versions/A/Frameworks/vecLib.framework/Versions/A/libSparseBLAS.dylib
0x00007fff31b79000 	/System/Library/Frameworks/Accelerate.framework/Versions/A/Frameworks/vecLib.framework/Versions/A/libQuadrature.dylib
0x00007fff312f3000 	/System/Library/Frameworks/Accelerate.framework/Versions/A/Frameworks/vecLib.framework/Versions/A/libBNNS.dylib
0x00007fff31b7f000 	/System/Library/Frameworks/Accelerate.framework/Versions/A/Frameworks/vecLib.framework/Versions/A/libSparse.dylib
0x00007fff5a490000 	/System/Library/PrivateFrameworks/LanguageModeling.framework/Versions/A/LanguageModeling
0x00007fff4ccb9000 	/System/Library/PrivateFrameworks/CoreEmoji.framework/Versions/A/CoreEmoji
0x00007fff5a5ae000 	/System/Library/PrivateFrameworks/LinguisticData.framework/Versions/A/LinguisticData
0x00007fff5a55f000 	/System/Library/PrivateFrameworks/Lexicon.framework/Versions/A/Lexicon
0x00007fff6c1bb000 	/usr/lib/libcmph.dylib
0x00007fff3e327000 	/System/Library/Frameworks/OpenDirectory.framework/Versions/A/Frameworks/CFOpenDirectory.framework/Versions/A/CFOpenDirectory
0x00007fff3e344000 	/System/Library/Frameworks/OpenDirectory.framework/Versions/A/OpenDirectory
0x00007fff46785000 	/System/Library/PrivateFrameworks/APFS.framework/Versions/A/APFS
0x00007fff41a34000 	/System/Library/Frameworks/SecurityFoundation.framework/Versions/A/SecurityFoundation
0x00007fff6e281000 	/usr/lib/libutil.dylib
0x00007fff4e1ee000 	/System/Library/PrivateFrameworks/CoreServicesStore.framework/Versions/A/CoreServicesStore
0x00007fff41aeb000 	/System/Library/Frameworks/ServiceManagement.framework/Versions/A/ServiceManagement
0x00007fff49ea8000 	/System/Library/PrivateFrameworks/BackgroundTaskManagement.framework/Versions/A/BackgroundTaskManagement
0x00007fff6e37e000 	/usr/lib/libxslt.1.dylib
0x00007fff48d4b000 	/System/Library/PrivateFrameworks/AppleSystemInfo.framework/Versions/A/AppleSystemInfo
0x00007fff37edc000 	/System/Library/Frameworks/ImageIO.framework/Versions/A/Resources/libJPEG.dylib
0x00007fff3819b000 	/System/Library/Frameworks/ImageIO.framework/Versions/A/Resources/libTIFF.dylib
0x00007fff3817e000 	/System/Library/Frameworks/ImageIO.framework/Versions/A/Resources/libPng.dylib
0x00007fff37e1e000 	/System/Library/Frameworks/ImageIO.framework/Versions/A/Resources/libGIF.dylib
0x00007fff37e22000 	/System/Library/Frameworks/ImageIO.framework/Versions/A/Resources/libJP2.dylib
0x00007fff38199000 	/System/Library/Frameworks/ImageIO.framework/Versions/A/Resources/libRadiance.dylib
0x00007fff6cbfd000 	/usr/lib/libexpat.1.dylib
0x00007fff48833000 	/System/Library/PrivateFrameworks/AppleJPEG.framework/Versions/A/AppleJPEG
0x00007fff51504000 	/System/Library/PrivateFrameworks/FontServices.framework/libFontParser.dylib
0x00007fff67daa000 	/System/Library/PrivateFrameworks/WatchdogClient.framework/Versions/A/WatchdogClient
0x00007fff59aeb000 	/System/Library/PrivateFrameworks/IOAccelerator.framework/Versions/A/IOAccelerator
0x00007fff3a6a8000 	/System/Library/Frameworks/MetalPerformanceShaders.framework/Versions/A/MetalPerformanceShaders
0x00007fff56281000 	/System/Library/PrivateFrameworks/GPUWrangler.framework/Versions/A/GPUWrangler
0x00007fff59b00000 	/System/Library/PrivateFrameworks/IOPresentment.framework/Versions/A/IOPresentment
0x00007fff4ed6e000 	/System/Library/PrivateFrameworks/DSExternalDisplay.framework/Versions/A/DSExternalDisplay
0x00007fff3ecb8000 	/System/Library/Frameworks/OpenGL.framework/Versions/A/Libraries/libCoreFSCache.dylib
0x00007fff3a3f4000 	/System/Library/Frameworks/MetalPerformanceShaders.framework/Frameworks/MPSCore.framework/Versions/A/MPSCore
0x00007fff3a432000 	/System/Library/Frameworks/MetalPerformanceShaders.framework/Frameworks/MPSImage.framework/Versions/A/MPSImage
0x00007fff3a4f9000 	/System/Library/Frameworks/MetalPerformanceShaders.framework/Frameworks/MPSNeuralNetwork.framework/Versions/A/MPSNeuralNetwork
0x00007fff3a4bd000 	/System/Library/Frameworks/MetalPerformanceShaders.framework/Frameworks/MPSMatrix.framework/Versions/A/MPSMatrix
0x00007fff3a658000 	/System/Library/Frameworks/MetalPerformanceShaders.framework/Frameworks/MPSRayIntersector.framework/Versions/A/MPSRayIntersector
0x00007fff3a4e3000 	/System/Library/Frameworks/MetalPerformanceShaders.framework/Frameworks/MPSNDArray.framework/Versions/A/MPSNDArray
0x00007fff5b969000 	/System/Library/PrivateFrameworks/MetalTools.framework/Versions/A/MetalTools
0x00007fff4795f000 	/System/Library/PrivateFrameworks/AggregateDictionary.framework/Versions/A/AggregateDictionary
0x00007fff4c701000 	/System/Library/PrivateFrameworks/CoreAnalytics.framework/Versions/A/CoreAnalytics
0x00007fff48c6a000 	/System/Library/PrivateFrameworks/AppleSauce.framework/Versions/A/AppleSauce
0x00007fff6bbbb000 	/usr/lib/libIOReport.dylib
0x00007fff36da8000 	/System/Library/Frameworks/CoreVideo.framework/Versions/A/CoreVideo
0x00007fff576fa000 	/System/Library/PrivateFrameworks/GraphVisualizer.framework/Versions/A/GraphVisualizer
0x00007fff50a4a000 	/System/Library/PrivateFrameworks/FaceCore.framework/Versions/A/FaceCore
0x00007fff3e2ce000 	/System/Library/Frameworks/OpenCL.framework/Versions/A/OpenCL
0x00007fff6b9dd000 	/usr/lib/libFosl_dynamic.dylib
0x00007fff5ce3f000 	/System/Library/PrivateFrameworks/OTSVG.framework/Versions/A/OTSVG
0x00007fff32f5d000 	/System/Library/Frameworks/ApplicationServices.framework/Versions/A/Frameworks/ATS.framework/Versions/A/Resources/libFontRegistry.dylib
0x00007fff516d5000 	/System/Library/PrivateFrameworks/FontServices.framework/libhvf.dylib
0x00007fff3ecc3000 	/System/Library/Frameworks/OpenGL.framework/Versions/A/Libraries/libGFXShared.dylib
0x00007fff3eea1000 	/System/Library/Frameworks/OpenGL.framework/Versions/A/Libraries/libGLU.dylib
0x00007fff3eccc000 	/System/Library/Frameworks/OpenGL.framework/Versions/A/Libraries/libGL.dylib
0x00007fff3ecd7000 	/System/Library/Frameworks/OpenGL.framework/Versions/A/Libraries/libGLImage.dylib
0x00007fff3ecb5000 	/System/Library/Frameworks/OpenGL.framework/Versions/A/Libraries/libCVMSPluginSupport.dylib
0x00007fff3ecbe000 	/System/Library/Frameworks/OpenGL.framework/Versions/A/Libraries/libCoreVMClient.dylib
0x00007fff6d64f000 	/usr/lib/libncurses.5.4.dylib
0x00007fff32e59000 	/System/Library/Frameworks/ApplicationServices.framework/Versions/A/Frameworks/ATS.framework/Versions/A/ATS
0x00007fff33026000 	/System/Library/Frameworks/ApplicationServices.framework/Versions/A/Frameworks/ColorSyncLegacy.framework/Versions/A/ColorSyncLegacy
0x00007fff330c4000 	/System/Library/Frameworks/ApplicationServices.framework/Versions/A/Frameworks/HIServices.framework/Versions/A/HIServices
0x00007fff3311c000 	/System/Library/Frameworks/ApplicationServices.framework/Versions/A/Frameworks/LangAnalysis.framework/Versions/A/LangAnalysis
0x00007fff3312b000 	/System/Library/Frameworks/ApplicationServices.framework/Versions/A/Frameworks/PrintCore.framework/Versions/A/PrintCore
0x00007fff33171000 	/System/Library/Frameworks/ApplicationServices.framework/Versions/A/Frameworks/QD.framework/Versions/A/QD
0x00007fff3317c000 	/System/Library/Frameworks/ApplicationServices.framework/Versions/A/Frameworks/SpeechSynthesis.framework/Versions/A/SpeechSynthesis
0x00007fff32ff6000 	/System/Library/Frameworks/ApplicationServices.framework/Versions/A/Frameworks/ATSUI.framework/Versions/A/ATSUI
0x00007fff6ca93000 	/usr/lib/libcups.2.dylib
0x00007fff39743000 	/System/Library/Frameworks/Kerberos.framework/Versions/A/Kerberos
0x00007fff37884000 	/System/Library/Frameworks/GSS.framework/Versions/A/GSS
0x00007fff6ddd2000 	/usr/lib/libresolv.9.dylib
0x00007fff578a7000 	/System/Library/PrivateFrameworks/Heimdal.framework/Versions/A/Heimdal
0x00007fff39756000 	/System/Library/Frameworks/Kerberos.framework/Versions/A/Libraries/libHeimdalProxy.dylib
0x00007fff6cc3a000 	/usr/lib/libheimdal-asn1.dylib
0x00007fff4bb99000 	/System/Library/PrivateFrameworks/CommonAuth.framework/Versions/A/CommonAuth
0x00007fff48de8000 	/System/Library/PrivateFrameworks/AssertionServices.framework/Versions/A/AssertionServices
0x00007fff4998b000 	/System/Library/PrivateFrameworks/AudioToolboxCore.framework/Versions/A/AudioToolboxCore
0x00007fff68a58000 	/System/Library/PrivateFrameworks/caulk.framework/Versions/A/caulk
0x00007fff49f54000 	/System/Library/PrivateFrameworks/BaseBoard.framework/Versions/A/BaseBoard
0x00007fff610a2000 	/System/Library/PrivateFrameworks/RunningBoardServices.framework/Versions/A/RunningBoardServices
0x00007fff5e0b3000 	/System/Library/PrivateFrameworks/PersistentConnection.framework/Versions/A/PersistentConnection
0x00007fff60a9b000 	/System/Library/PrivateFrameworks/ProtocolBuffer.framework/Versions/A/ProtocolBuffer
0x00007fff4bbbd000 	/System/Library/PrivateFrameworks/CommonUtilities.framework/Versions/A/CommonUtilities
0x00007fff4a0e2000 	/System/Library/PrivateFrameworks/Bom.framework/Versions/A/Bom
0x00007fff6b88e000 	/usr/lib/libAudioToolboxUtility.dylib
0x00007fff49eb2000 	/System/Library/PrivateFrameworks/Backup.framework/Versions/A/Backup
0x00007fff4ec8f000 	/System/Library/PrivateFrameworks/CrashReporterSupport.framework/Versions/A/CrashReporterSupport
0x00007fff62b34000 	/System/Library/PrivateFrameworks/Sharing.framework/Versions/A/Sharing
0x00007fff483f6000 	/System/Library/PrivateFrameworks/Apple80211.framework/Versions/A/Apple80211
0x00007fff49bcf000 	/System/Library/PrivateFrameworks/AuthKit.framework/Versions/A/AuthKit
0x00007fff4e99c000 	/System/Library/PrivateFrameworks/CoreUtils.framework/Versions/A/CoreUtils
0x00007fff36ded000 	/System/Library/Frameworks/CoreWLAN.framework/Versions/A/CoreWLAN
0x00007fff37a11000 	/System/Library/Frameworks/IOBluetooth.framework/Versions/A/IOBluetooth
0x00007fff5bc6e000 	/System/Library/PrivateFrameworks/MobileKeyBag.framework/Versions/A/MobileKeyBag
0x00007fff4d7a1000 	/System/Library/PrivateFrameworks/CorePhoneNumbers.framework/Versions/A/CorePhoneNumbers
0x00007fff487e6000 	/System/Library/PrivateFrameworks/AppleIDAuthSupport.framework/Versions/A/AppleIDAuthSupport
0x00007fff3b745000 	/System/Library/Frameworks/Network.framework/Versions/A/Network
0x00007fff5a33c000 	/System/Library/PrivateFrameworks/KeychainCircle.framework/Versions/A/KeychainCircle
0x00007fff3483e000 	/System/Library/Frameworks/CoreBluetooth.framework/Versions/A/CoreBluetooth
0x00007fff64bb3000 	/System/Library/PrivateFrameworks/SpeechRecognitionCore.framework/Versions/A/SpeechRecognitionCore
0x0000000107000000 	/Users/angela/Library/Java/JavaVirtualMachines/azul-1.8.0_332/Contents/Home/jre/lib/server/libjvm.dylib
0x0000000105f9b000 	/Users/angela/Library/Java/JavaVirtualMachines/azul-1.8.0_332/Contents/Home/jre/lib/libverify.dylib
0x0000000105fac000 	/Users/angela/Library/Java/JavaVirtualMachines/azul-1.8.0_332/Contents/Home/jre/lib/libjava.dylib
0x0000000107e40000 	/Users/angela/Library/Java/JavaVirtualMachines/azul-1.8.0_332/Contents/Home/jre/lib/libinstrument.dylib
0x0000000107ea5000 	/Users/angela/Library/Java/JavaVirtualMachines/azul-1.8.0_332/Contents/Home/jre/lib/libzip.dylib
0x0000000112f77000 	/Users/angela/Library/Java/JavaVirtualMachines/azul-1.8.0_332/Contents/Home/jre/lib/libnio.dylib
0x0000000112f8f000 	/Users/angela/Library/Java/JavaVirtualMachines/azul-1.8.0_332/Contents/Home/jre/lib/libnet.dylib
0x0000000112fda000 	/Users/angela/Library/Java/JavaVirtualMachines/azul-1.8.0_332/Contents/Home/jre/lib/libmanagement.dylib
0x0000000113818000 	/private/var/folders/4t/j_8qx2g971v1wxz71lf4ywl00000gn/T/jna--1413183360/jna7638560960130355084.tmp
0x00007fff3973e000 	/System/Library/Frameworks/JavaVM.framework/Versions/A/JavaVM
0x00007fff5a153000 	/System/Library/PrivateFrameworks/JavaLaunching.framework/Versions/A/JavaLaunching
0x0000000113a2f000 	/Users/angela/Library/Java/JavaVirtualMachines/azul-1.8.0_332/Contents/Home/jre/lib/libawt.dylib
0x0000000124986000 	/Users/angela/Library/Java/JavaVirtualMachines/azul-1.8.0_332/Contents/Home/jre/lib/libmlib_image.dylib
0x00007fff3972d000 	/System/Library/Frameworks/JavaVM.framework/Versions/A/Frameworks/JavaNativeFoundation.framework/Versions/A/JavaNativeFoundation
0x00007fff39736000 	/System/Library/Frameworks/JavaVM.framework/Versions/A/Frameworks/JavaRuntimeSupport.framework/Versions/A/JavaRuntimeSupport
0x00007fff33a0f000 	/System/Library/Frameworks/Carbon.framework/Versions/A/Carbon
0x00007fff4e741000 	/System/Library/PrivateFrameworks/CoreSymbolication.framework/Versions/A/CoreSymbolication
0x00007fff33a10000 	/System/Library/Frameworks/Carbon.framework/Versions/A/Frameworks/CommonPanels.framework/Versions/A/CommonPanels
0x00007fff33d09000 	/System/Library/Frameworks/Carbon.framework/Versions/A/Frameworks/Help.framework/Versions/A/Help
0x00007fff33d0d000 	/System/Library/Frameworks/Carbon.framework/Versions/A/Frameworks/ImageCapture.framework/Versions/A/ImageCapture
0x00007fff33d14000 	/System/Library/Frameworks/Carbon.framework/Versions/A/Frameworks/OpenScripting.framework/Versions/A/OpenScripting
0x00007fff33d13000 	/System/Library/Frameworks/Carbon.framework/Versions/A/Frameworks/Ink.framework/Versions/A/Ink
0x00007fff33d4f000 	/System/Library/Frameworks/Carbon.framework/Versions/A/Frameworks/Print.framework/Versions/A/Print
0x00007fff33d50000 	/System/Library/Frameworks/Carbon.framework/Versions/A/Frameworks/SecurityHI.framework/Versions/A/SecurityHI
0x00007fff4eec3000 	/System/Library/PrivateFrameworks/DebugSymbols.framework/Versions/A/DebugSymbols
0x0000000124a48000 	/Users/angela/Library/Java/JavaVirtualMachines/azul-1.8.0_332/Contents/Home/jre/lib/libawt_lwawt.dylib
0x0000000124b1f000 	/Users/angela/Library/Java/JavaVirtualMachines/azul-1.8.0_332/Contents/Home/jre/lib/libosxapp.dylib
0x00007fff372ed000 	/System/Library/Frameworks/ExceptionHandling.framework/Versions/A/ExceptionHandling
0x00007fff4e1ba000 	/System/Library/PrivateFrameworks/CoreServicesInternal.framework/Versions/A/CoreServicesInternal
0x00007fff3730c000 	/System/Library/Frameworks/FileProvider.framework/Versions/A/FileProvider
0x00007fff31e9f000 	/System/Library/Frameworks/Accounts.framework/Versions/A/Accounts
0x00007fff565a6000 	/System/Library/PrivateFrameworks/GenerationalStorage.framework/Versions/A/GenerationalStorage
0x00007fff653f5000 	/System/Library/PrivateFrameworks/SymptomDiagnosticReporter.framework/Versions/A/SymptomDiagnosticReporter
0x00007fff47efa000 	/System/Library/PrivateFrameworks/AppContainer.framework/Versions/A/AppContainer
0x00007fff6ddec000 	/usr/lib/libsandbox.1.dylib
0x00007fff66d4e000 	/System/Library/PrivateFrameworks/UserManagement.framework/Versions/A/UserManagement
0x00007fff4ac9e000 	/System/Library/PrivateFrameworks/ChunkingLibrary.framework/Versions/A/ChunkingLibrary
0x00007fff47f6c000 	/System/Library/PrivateFrameworks/AppSandbox.framework/Versions/A/AppSandbox
0x00007fff629be000 	/System/Library/PrivateFrameworks/SecCodeWrapper.framework/Versions/A/SecCodeWrapper
0x00007fff6bca3000 	/usr/lib/libMatch.1.dylib
0x00007fff27e87000 	/System/Library/CoreServices/RawCamera.bundle/Contents/MacOS/RawCamera
0x00007fff5ba98000 	/System/Library/PrivateFrameworks/MobileAsset.framework/Versions/A/MobileAsset
0x00007fff6529d000 	/System/Library/PrivateFrameworks/StreamingZip.framework/Versions/A/StreamingZip
0x00007fff39bbe000 	/System/Library/Frameworks/MediaToolbox.framework/Versions/A/MediaToolbox
0x00007fff4c6b1000 	/System/Library/PrivateFrameworks/CoreAVCHD.framework/Versions/A/CoreAVCHD
0x00007fff39ae8000 	/System/Library/Frameworks/MediaAccessibility.framework/Versions/A/MediaAccessibility
0x00007fff5ae4c000 	/System/Library/PrivateFrameworks/Mangrove.framework/Versions/A/Mangrove
0x00007fff35fb5000 	/System/Library/Frameworks/CoreMedia.framework/Versions/A/CoreMedia
0x00007fff5b0b8000 	/System/Library/PrivateFrameworks/MediaExperience.framework/Versions/A/MediaExperience
0x00007fff42a95000 	/System/Library/Frameworks/VideoToolbox.framework/Versions/A/VideoToolbox
0x00007fff4c2db000 	/System/Library/PrivateFrameworks/CoreAUC.framework/Versions/A/CoreAUC
0x00007fff6de44000 	/usr/lib/libspindump.dylib
0x00007fff4933a000 	/System/Library/PrivateFrameworks/AudioResourceArbitration.framework/Versions/A/AudioResourceArbitration
0x00007fff48d4f000 	/System/Library/PrivateFrameworks/AppleVA.framework/Versions/A/AppleVA
0x00007fff30a1d000 	/System/Library/Frameworks/Accelerate.framework/Versions/A/Frameworks/vImage.framework/Versions/A/Libraries/libCGInterfaces.dylib
0x0000000126354000 	/usr/lib/libobjc-trampolines.dylib
0x00007fff5163c000 	/System/Library/PrivateFrameworks/FontServices.framework/libTrueTypeScaler.dylib
0x00007fff2c2ec000 	/System/Library/Extensions/AppleIntelICLGraphicsMTLDriver.bundle/Contents/MacOS/AppleIntelICLGraphicsMTLDriver
0x00007fff54bc6000 	/System/Library/PrivateFrameworks/GPUCompiler.framework/Versions/3902/Libraries/libmetal_timestamp.dylib
0x00007fff67b1a000 	/System/Library/PrivateFrameworks/ViewBridge.framework/Versions/A/ViewBridge
0x00007fff68dab000 	/System/Library/PrivateFrameworks/login.framework/Versions/A/login
0x0000000127469000 	/Users/angela/Library/Java/JavaVirtualMachines/azul-1.8.0_332/Contents/Home/jre/lib/libfontmanager.dylib
0x00000001274ea000 	/Users/angela/Library/Java/JavaVirtualMachines/azul-1.8.0_332/Contents/Home/jre/lib/libfreetype.dylib.6
0x00000001275c7000 	/Users/angela/Documents/MC/Creatures/build/natives/liblwjgl.dylib
0x0000000126b59000 	/Users/angela/Library/Java/JavaVirtualMachines/azul-1.8.0_332/Contents/Home/jre/lib/libjawt.dylib
0x00007fff3f929000 	/System/Library/Frameworks/OpenGL.framework/Versions/A/Resources/GLEngine.bundle/GLEngine
0x00007fff3ed0c000 	/System/Library/Frameworks/OpenGL.framework/Versions/A/Libraries/libGLProgrammability.dylib
0x00007fff2b2d8000 	/System/Library/Extensions/AppleIntelICLGraphicsGLDriver.bundle/Contents/MacOS/AppleIntelICLGraphicsGLDriver
0x00007fff56275000 	/System/Library/PrivateFrameworks/GPUSupport.framework/Versions/A/Libraries/libGPUSupportMercury.dylib
0x00007fff3faa3000 	/System/Library/Frameworks/OpenGL.framework/Versions/A/Resources/GLRendererFloat.bundle/GLRendererFloat
0x00007fff3e2c5000 	/System/Library/Frameworks/OpenCL.framework/Versions/A/Libraries/libcldcpuengine.dylib

VM Arguments:
jvm_args: -Dforge.logging.console.level=debug -Dforge.logging.markers=SCAN,REGISTRIES,REGISTRYDUMP -javaagent:/Applications/IntelliJ IDEA CE.app/Contents/lib/idea_rt.jar=51258:/Applications/IntelliJ IDEA CE.app/Contents/bin -Dfile.encoding=UTF-8 
java_command: net.minecraftforge.legacydev.MainClient
java_class_path (initial): /Users/angela/Library/Java/JavaVirtualMachines/azul-1.8.0_332/Contents/Home/jre/lib/cat.jar:/Users/angela/Library/Java/JavaVirtualMachines/azul-1.8.0_332/Contents/Home/jre/lib/charsets.jar:/Users/angela/Library/Java/JavaVirtualMachines/azul-1.8.0_332/Contents/Home/jre/lib/ext/cldrdata.jar:/Users/angela/Library/Java/JavaVirtualMachines/azul-1.8.0_332/Contents/Home/jre/lib/ext/crs-agent.jar:/Users/angela/Library/Java/JavaVirtualMachines/azul-1.8.0_332/Contents/Home/jre/lib/ext/dnsns.jar:/Users/angela/Library/Java/JavaVirtualMachines/azul-1.8.0_332/Contents/Home/jre/lib/ext/jaccess.jar:/Users/angela/Library/Java/JavaVirtualMachines/azul-1.8.0_332/Contents/Home/jre/lib/ext/legacy8ujsse.jar:/Users/angela/Library/Java/JavaVirtualMachines/azul-1.8.0_332/Contents/Home/jre/lib/ext/localedata.jar:/Users/angela/Library/Java/JavaVirtualMachines/azul-1.8.0_332/Contents/Home/jre/lib/ext/nashorn.jar:/Users/angela/Library/Java/JavaVirtualMachines/azul-1.8.0_332/Contents/Home/jre/lib/ext/openjsse.jar:/Users/angela/Library/Java/JavaVirtualMachines/azul-1.8.0_332/Contents/Home/jre/lib/ext/sunec.jar:/Users/angela/Library/Java/JavaVirtualMachines/azul-1.8.0_332/Contents/Home/jre/lib/ext/sunjce_provider.jar:/Users/angela/Library/Java/JavaVirtualMachines/azul-1.8.0_332/Contents/Home/jre/lib/ext/sunpkcs11.jar:/Users/angela/Library/Java/JavaVirtualMachines/azul-1.8.0_332/Contents/Home/jre/lib/ext/zipfs.jar:/Users/angela/Library/Java/JavaVirtualMachines/azul-1.8.0_332/Contents/Home/jre/lib/jce.jar:/Users/angela/Library/Java/JavaVirtualMachines/azul-1.8.0_332/Contents/Home/jre/lib/jfr.jar:/Users/angela/Library/Java/JavaVirtualMachines/azul-1.8.0_332/Contents/Home/jre/lib/jsse.jar:/Users/angela/Library/Java/JavaVirtualMachines/azul-1.8.0_332/Contents/Home/jre/lib/management-agent.jar:/Users/angela/Library/Java/JavaVirtualMachines/azul-1.8.0_332/Contents/Home/jre/lib/resources.jar:/Users/angela/Library/Java/JavaVirtualMachines/azul-1.8.0_332/Contents/Home/jre/lib/rt
Launcher Type: SUN_STANDARD

Environment Variables:
JAVA_HOME=/Users/angela/Library/Java/JavaVirtualMachines/openjdk-18.0.1.1/Contents/Home
PATH=/Users/angela/miniconda3/bin:/Users/angela/miniconda3/condabin:/usr/local/bin:/usr/bin:/bin:/usr/sbin:/sbin:/Users/angela/Documents/SURF 2021/ncbi-blast-2.12.0+/bin:/usr/local/Cellar/barrnap/0.9/bin:/Users/angela/miniconda3/pkgs/cd-hit-4.8.1-hd9629dc_0/bin:/opt/X11/bin:/Users/angela/p4/P4Git/binexport
SHELL=/bin/bash
DISPLAY=/private/tmp/com.apple.launchd.sX8fZBmVSJ/org.xquartz:0

Signal Handlers:
SIGSEGV: [libjvm.dylib+0x5b618b], sa_mask[0]=11111111011111110111111111111111, sa_flags=SA_ONSTACK|SA_RESTART|SA_SIGINFO
SIGBUS: [libjvm.dylib+0x5b618b], sa_mask[0]=11111111011111110111111111111111, sa_flags=SA_RESTART|SA_SIGINFO
SIGFPE: [libjvm.dylib+0x4a3db9], sa_mask[0]=11111111011111110111111111111111, sa_flags=SA_RESTART|SA_SIGINFO
SIGPIPE: [libjvm.dylib+0x4a3db9], sa_mask[0]=11111111011111110111111111111111, sa_flags=SA_RESTART|SA_SIGINFO
SIGXFSZ: [libjvm.dylib+0x4a3db9], sa_mask[0]=11111111011111110111111111111111, sa_flags=SA_RESTART|SA_SIGINFO
SIGILL: [libjvm.dylib+0x4a3db9], sa_mask[0]=11111111011111110111111111111111, sa_flags=SA_RESTART|SA_SIGINFO
SIGUSR1: SIG_DFL, sa_mask[0]=00000000000000000000000000000000, sa_flags=none
SIGUSR2: [libjvm.dylib+0x4a46a8], sa_mask[0]=00100000000000000000000000000000, sa_flags=SA_RESTART|SA_SIGINFO
SIGHUP: [libjvm.dylib+0x4a27eb], sa_mask[0]=11111111011111110111111111111111, sa_flags=SA_RESTART|SA_SIGINFO
SIGINT: [libjvm.dylib+0x4a27eb], sa_mask[0]=11111111011111110111111111111111, sa_flags=SA_RESTART|SA_SIGINFO
SIGTERM: [libjvm.dylib+0x4a27eb], sa_mask[0]=11111111011111110111111111111111, sa_flags=SA_RESTART|SA_SIGINFO
SIGQUIT: [libjvm.dylib+0x4a27eb], sa_mask[0]=11111111011111110111111111111111, sa_flags=SA_RESTART|SA_SIGINFO


---------------  S Y S T E M  ---------------

OS:Bsduname:Darwin 19.6.0 Darwin Kernel Version 19.6.0: Thu Oct 29 22:56:45 PDT 2020; root:xnu-6153.141.2.2~1/RELEASE_X86_64 x86_64
rlimit: STACK 8192k, CORE 0k, NPROC 2784, NOFILE 10240, AS infinity
load average:4.71 5.61 10.75

CPU:total 8 (initial active 8) (4 cores per cpu, 2 threads per core) family 6 model 126 stepping 5, cmov, cx8, fxsr, mmx, sse, sse2, sse3, ssse3, sse4.1, sse4.2, popcnt, avx, avx2, aes, clmul, erms, 3dnowpref, lzcnt, ht, tsc, tscinvbit, bmi1, bmi2, adx

Memory: 4k page, physical 16777216k(1586192k free)

/proc/meminfo:


vm_info: OpenJDK 64-Bit Server VM (25.332-b09) for bsd-amd64 JRE (Zulu 8.62.0.19-CA-macosx) (1.8.0_332-b09), built on Apr 18 2022 09:05:58 by "zulu_re" with gcc 4.2.1 Compatible Apple LLVM 11.0.0 (clang-1100.0.33.17)

time: Thu Aug  4 20:54:00 2022
timezone: EDT
elapsed time: 10.287552 seconds (0d 0h 0m 10s)

